<?xml version="1.0" encoding="utf-8"?><testsuites name="pytest tests"><testsuite name="pytest" errors="0" failures="0" skipped="3" tests="55" time="0.342" timestamp="2025-07-23T11:07:06.921924+08:00" hostname="Rickys-MacBook-Air.local"><testcase classname="tests.unit.test_infrastructure_basic.TestInfrastructureModule" name="test_infrastructure_module_exists" time="0.000" /><testcase classname="tests.unit.test_infrastructure_basic.TestInfrastructureModule" name="test_logging_module_exists" time="0.000" /><testcase classname="tests.unit.test_infrastructure_basic.TestInfrastructureModule" name="test_logger_creation" time="0.000" /><testcase classname="tests.unit.test_infrastructure_basic.TestInfrastructureModule" name="test_error_handling_modules_exist" time="0.003" /><testcase classname="tests.unit.test_infrastructure_basic.TestLoggingBasic" name="test_log_performance_function_exists" time="0.000" /><testcase classname="tests.unit.test_infrastructure_basic.TestLoggingBasic" name="test_log_performance_call" time="0.000" /><testcase classname="tests.unit.test_infrastructure_basic.TestDomainAdapters" name="test_domain_adapters_exist" time="0.092"><skipped type="pytest.skip" message="Domain适配器不可用">/Users/ricky/Downloads/PktMask/tests/unit/test_infrastructure_basic.py:89: Domain适配器不可用</skipped></testcase><testcase classname="tests.unit.test_infrastructure_basic.TestDomainAdapters" name="test_event_adapter_exists" time="0.146"><skipped type="pytest.skip" message="事件适配器不可用">/Users/ricky/Downloads/PktMask/tests/unit/test_infrastructure_basic.py:97: 事件适配器不可用</skipped></testcase><testcase classname="tests.unit.test_infrastructure_basic.TestDomainAdapters" name="test_statistics_adapter_exists" time="0.000"><skipped type="pytest.skip" message="统计适配器不可用">/Users/ricky/Downloads/PktMask/tests/unit/test_infrastructure_basic.py:105: 统计适配器不可用</skipped></testcase><testcase classname="tests.unit.test_infrastructure_basic.TestUtilsAdvanced" name="test_file_selector_exists" time="0.000" /><testcase classname="tests.unit.test_infrastructure_basic.TestUtilsAdvanced" name="test_file_selector_basic_functionality" time="0.000" /><testcase classname="tests.unit.test_infrastructure_basic.TestUtilsAdvanced" name="test_reporting_utils_exist" time="0.000" /><testcase classname="tests.unit.test_infrastructure_basic.TestUtilsAdvanced" name="test_path_utils_exist" time="0.000" /><testcase classname="tests.unit.test_config.TestAppConfig" name="test_default_initialization" time="0.000" /><testcase classname="tests.unit.test_config.TestAppConfig" name="test_config_attributes" time="0.000" /><testcase classname="tests.unit.test_config.TestAppConfig" name="test_config_can_be_modified" time="0.000" /><testcase classname="tests.unit.test_config.TestAppConfig" name="test_config_validation" time="0.000" /><testcase classname="tests.unit.test_config.TestUISettings" name="test_ui_defaults" time="0.000" /><testcase classname="tests.unit.test_config.TestUISettings" name="test_ui_modifications" time="0.000" /><testcase classname="tests.unit.test_config.TestProcessingSettings" name="test_processing_defaults" time="0.000" /><testcase classname="tests.unit.test_config.TestProcessingSettings" name="test_processing_modifications" time="0.000" /><testcase classname="tests.unit.test_config.TestLoggingSettings" name="test_logging_defaults" time="0.000" /><testcase classname="tests.unit.test_config.TestLoggingSettings" name="test_logging_modifications" time="0.000" /><testcase classname="tests.unit.test_config.TestConfigurationIntegration" name="test_config_save_and_load" time="0.005" /><testcase classname="tests.unit.test_config.TestConfigurationIntegration" name="test_config_default_path" time="0.000" /><testcase classname="tests.unit.test_config.TestConfigurationIntegration" name="test_config_with_nonexistent_file" time="0.000" /><testcase classname="tests.unit.test_config.TestConfigurationIntegration" name="test_config_helper_methods" time="0.000" /><testcase classname="tests.unit.test_config.TestConfigurationEdgeCases" name="test_invalid_config_data" time="0.001" /><testcase classname="tests.unit.test_config.TestConfigurationEdgeCases" name="test_partial_config_data" time="0.001" /><testcase classname="tests.unit.test_config.TestConfigurationEdgeCases" name="test_config_update_directories" time="0.000" /><testcase classname="tests.unit.test_config.TestConfigurationDefaults" name="test_default_values_are_reasonable" time="0.000" /><testcase classname="tests.unit.test_config.TestConfigurationDefaults" name="test_configs_are_consistent" time="0.000" /><testcase classname="tests.unit.test_utils.TestFileOps" name="test_file_ops_module_exists" time="0.000" /><testcase classname="tests.unit.test_utils.TestFileOps" name="test_file_ops_has_common_functions" time="0.000" /><testcase classname="tests.unit.test_utils.TestFileOps" name="test_ensure_directory_exists" time="0.000" /><testcase classname="tests.unit.test_utils.TestFileOps" name="test_get_file_size" time="0.001" /><testcase classname="tests.unit.test_utils.TestFileOps" name="test_copy_file" time="0.000" /><testcase classname="tests.unit.test_utils.TestStringOps" name="test_string_ops_module_exists" time="0.000" /><testcase classname="tests.unit.test_utils.TestStringOps" name="test_string_ops_has_common_functions" time="0.000" /><testcase classname="tests.unit.test_utils.TestStringOps" name="test_sanitize_filename" time="0.000" /><testcase classname="tests.unit.test_utils.TestStringOps" name="test_format_bytes" time="0.000" /><testcase classname="tests.unit.test_utils.TestStringOps" name="test_truncate_string" time="0.000" /><testcase classname="tests.unit.test_utils.TestMathOps" name="test_math_ops_module_exists" time="0.000" /><testcase classname="tests.unit.test_utils.TestMathOps" name="test_math_ops_has_common_functions" time="0.000" /><testcase classname="tests.unit.test_utils.TestMathOps" name="test_calculate_percentage" time="0.000" /><testcase classname="tests.unit.test_utils.TestMathOps" name="test_round_to_nearest" time="0.000" /><testcase classname="tests.unit.test_utils.TestMathOps" name="test_clamp_value" time="0.000" /><testcase classname="tests.unit.test_utils.TestTimeUtils" name="test_time_module_exists" time="0.000" /><testcase classname="tests.unit.test_utils.TestTimeUtils" name="test_time_has_common_functions" time="0.000" /><testcase classname="tests.unit.test_utils.TestTimeUtils" name="test_format_duration" time="0.000" /><testcase classname="tests.unit.test_utils.TestTimeUtils" name="test_get_timestamp" time="0.000" /><testcase classname="tests.unit.test_utils.TestTimeUtils" name="test_format_timestamp" time="0.000" /><testcase classname="tests.unit.test_utils.TestUtilsIntegration" name="test_all_utils_modules_importable" time="0.000" /><testcase classname="tests.unit.test_utils.TestUtilsIntegration" name="test_utils_functions_return_expected_types" time="0.000" /><testcase classname="tests.unit.test_utils.TestUtilsIntegration" name="test_utils_handle_edge_cases" time="0.000" /></testsuite></testsuites>