<?xml version="1.0" encoding="utf-8"?><testsuites name="pytest tests"><testsuite name="pytest" errors="46" failures="300" skipped="16" tests="1118" time="245.619" timestamp="2025-07-03T14:57:38.107432+08:00" hostname="Rickys-MacBook-Air.local"><testcase classname="" name="tests.unit.test_performance_centralized" time="0.000"><skipped message="collection skipped">('/Users/ricky/Downloads/PktMask/tests/unit/test_performance_centralized.py', 26, "Skipped: 无法导入模块: cannot import name '_process_pcap_data_enhanced' from 'src.pktmask.core.processors' (/Users/ricky/Downloads/PktMask/src/pktmask/core/processors/__init__.py)")</skipped></testcase><testcase classname="tests.integration.test_phase2_2_integration_simple.TestPhase22IntegrationSimple" name="test_basic_integration" time="0.655"><failure message="assert False&#10; +  where False = &lt;pktmask.core.processors.base_processor.ProcessorResult object at 0x127015d30&gt;.success">tests/integration/test_phase2_2_integration_simple.py:109: in test_basic_integration
    assert result.success
E   assert False
E    +  where False = &lt;pktmask.core.processors.base_processor.ProcessorResult object at 0x127015d30&gt;.success</failure></testcase><testcase classname="tests.integration.test_phase4_integration.TestRealDataIntegration" name="test_real_data_processing" time="0.002"><skipped type="pytest.skip" message="测试数据目录不存在">/Users/ricky/Downloads/PktMask/tests/integration/test_phase4_integration.py:301: 测试数据目录不存在</skipped></testcase><testcase classname="tests.integration.test_phase2_day12_core_integration.TestPhase2Day12CoreIntegration" name="test_02_mask_stage_config_mode_support" time="0.003" /><testcase classname="tests.e2e.test_complete_workflow.TestCompleteWorkflow" name="test_basic_processing_workflow" time="0.003" /><testcase classname="tests.integration.test_phase3_day15_enhanced_validation.TestPhase3Day15EnhancedValidation" name="test_validate_cross_segment_handling" time="0.004" /><testcase classname="tests.integration.test_phase1_2_integration_fixed.TestPhase12IntegrationFixed" name="test_error_handling_comprehensive" time="0.021"><failure message="RuntimeError: Stage 'TShark预处理器' 初始化失败">tests/integration/test_phase1_2_integration_fixed.py:377: in test_error_handling_comprehensive
    executor.register_stage(tshark_stage)
src/pktmask/core/trim/multi_stage_executor.py:93: in register_stage
    raise RuntimeError(f"Stage '{stage.name}' 初始化失败")
E   RuntimeError: Stage 'TShark预处理器' 初始化失败</failure></testcase><testcase classname="tests.integration.test_phase2_day13_error_handling_enhancement.TestErrorRecoveryStrategies" name="test_error_handling_with_context" time="0.011" /><testcase classname="tests.integration.test_phase3_day19_performance_benchmark.TestPhase3Day19PerformanceBenchmark" name="test_initialization_performance_comparison" time="18.428" /><testcase classname="tests.e2e.test_complete_workflow.TestCompleteWorkflow" name="test_configuration_workflow" time="0.000" /><testcase classname="tests.e2e.test_complete_workflow.TestCompleteWorkflow" name="test_error_recovery_workflow" time="0.000" /><testcase classname="tests.e2e.test_complete_workflow.TestCompleteWorkflow" name="test_output_generation_workflow" time="0.000" /><testcase classname="tests.e2e.test_complete_workflow.TestPerformanceWorkflow" name="test_large_file_processing" time="0.001" /><testcase classname="tests.e2e.test_complete_workflow.TestPerformanceWorkflow" name="test_memory_efficient_processing" time="0.001" /><testcase classname="tests.e2e.test_complete_workflow.TestErrorHandlingWorkflow" name="test_invalid_input_file_handling" time="0.001" /><testcase classname="tests.integration.test_phase3_day15_enhanced_validation.TestPhase3Day15EnhancedValidation" name="test_validate_enhanced_tls_processing" time="0.005" /><testcase classname="tests.integration.test_phase4_integration.TestPhase4Optimization" name="test_encapsulation_type_caching" time="0.001" /><testcase classname="tests.integration.test_phase4_integration.TestPhase4Optimization" name="test_parsing_algorithm_optimization" time="0.001" /><testcase classname="tests.integration.test_phase4_integration.TestPhase4Optimization" name="test_processing_adapter_optimization" time="0.002" /><testcase classname="tests.integration.test_phase2_day12_core_integration.TestPhase2Day12CoreIntegration" name="test_03_pipeline_executor_mask_stage_integration" time="0.001" /><testcase classname="tests.integration.test_phase2_day12_core_integration.TestPhase2Day12CoreIntegration" name="test_04_enhanced_processor_fallback_mechanism" time="0.715" /><testcase classname="tests.integration.test_phase3_day15_enhanced_validation.TestPhase3Day15EnhancedValidation" name="test_validate_protocol_type_detection" time="0.005" /><testcase classname="tests.integration.test_phase5_mcp_adapter" name="test_mcp_process_noop" time="0.023" /><testcase classname="tests.integration.test_phase2_day13_error_handling_enhancement.TestErrorRecoveryStrategies" name="test_memory_error_recovery" time="0.001" /><testcase classname="tests.integration.test_phase2_day13_error_handling_enhancement.TestErrorRecoveryStrategies" name="test_timeout_error_recovery" time="0.001" /><testcase classname="tests.integration.test_phase2_day13_error_handling_enhancement.TestEnhancedFallbackMechanism" name="test_fallback_with_retry_tracking" time="0.003" /><testcase classname="tests.e2e.test_complete_workflow.TestErrorHandlingWorkflow" name="test_permission_denied_handling" time="0.001" /><testcase classname="tests.e2e.test_complete_workflow.TestErrorHandlingWorkflow" name="test_disk_space_handling" time="0.001" /><testcase classname="tests.e2e.test_complete_workflow.TestIntegrationWorkflow" name="test_config_to_processing_integration" time="0.001" /><testcase classname="tests.integration.test_phase2_day13_error_handling_enhancement.TestEnhancedFallbackMechanism" name="test_fallback_processor_safe_execution" time="0.002" /><testcase classname="tests.integration.test_phase3_day15_enhanced_validation.TestPhase3Day15EnhancedValidation" name="test_validate_smart_masking" time="0.003" /><testcase classname="tests.e2e.test_complete_workflow.TestIntegrationWorkflow" name="test_processing_to_output_integration" time="0.001" /><testcase classname="tests.integration.test_phase2_day13_error_handling_enhancement.TestErrorReportingAndDiagnostics" name="test_basic_error_report_generation" time="0.001"><failure message="AssertionError: assert 'category_breakdown' in {'total_errors': 1, 'recent_errors': 1, 'category_distribution': {'io_error': 1}, 'severity_distribution': {'medium': 1}, 'most_common_patterns': {'io_error:FILE_ACCESS_ERROR': 1}, 'recovery_success_rate': {}}">tests/integration/test_phase2_day13_error_handling_enhancement.py:492: in test_basic_error_report_generation
    assert "category_breakdown" in report["error_summary"]
E   AssertionError: assert 'category_breakdown' in {'total_errors': 1, 'recent_errors': 1, 'category_distribution': {'io_error': 1}, 'severity_distribution': {'medium': 1}, 'most_common_patterns': {'io_error:FILE_ACCESS_ERROR': 1}, 'recovery_success_rate': {}}</failure></testcase><testcase classname="tests.e2e.test_complete_workflow.TestGUIWorkflow" name="test_gui_initialization" time="0.003" /><testcase classname="tests.integration.test_phase3_day15_enhanced_validation.TestPhase3Day15ValidationCriteria" name="test_tls_protocol_types_support" time="0.003" /><testcase classname="tests.e2e.test_complete_workflow.TestGUIWorkflow" name="test_gui_config_integration" time="0.001" /><testcase classname="tests.integration.test_phase3_day15_enhanced_validation.TestPhase3Day15ValidationCriteria" name="test_validation_functions_exist" time="0.002" /><testcase classname="tests.integration.test_phase3_day15_enhanced_validation.TestPhase3Day15ValidationCriteria" name="test_validation_thresholds" time="0.001" /><testcase classname="tests.integration.test_phase3_day16_real_tls_data_testing.TestPhase3Day16RealTLSDataTesting" name="test_verify_sample_files_exist" time="0.001" /><testcase classname="tests.integration.test_enhanced_mask_stage_integration.TestEnhancedMaskStageIntegration" name="test_pipeline_executor_integration_enhanced_mode" time="0.005" /><testcase classname="tests.integration.test_enhanced_mask_stage_integration.TestEnhancedMaskStageIntegration" name="test_pipeline_executor_integration_basic_mode" time="0.002" /><testcase classname="tests.integration.test_enhanced_mask_stage_integration.TestEnhancedMaskStageIntegration" name="test_enhanced_mode_fallback_to_basic_mode" time="0.001" /><testcase classname="tests.integration.test_phase3_day16_real_tls_data_testing.TestPhase3Day16RealTLSDataTesting" name="test_sample_files_basic_info" time="0.002" /><testcase classname="tests.integration.test_phase7_e2e_tls23_validation" name="test_phase7_tls23_e2e_validation_pass" time="66.442"><skipped type="pytest.xfail" message="TLS-23 验证器返回非零退出码，可能是环境依赖问题，标记为 xfail" /></testcase><testcase classname="tests.integration.test_enhanced_mask_stage_integration.TestEnhancedMaskStageIntegration" name="test_end_to_end_processing_simulation" time="0.003"><failure message="scapy.error.Scapy_Exception: No data could be read!">src/pktmask/core/pipeline/stages/mask_payload/stage.py:327: in _process_with_enhanced_mode
    return StageStats(
E   pydantic_core._pydantic_core.ValidationError: 2 validation errors for StageStats
E   packets_processed
E     Input should be a valid integer [type=int_type, input_value=&lt;Mock name='mock.execute_....get()' id='4677883552'&gt;, input_type=Mock]
E       For further information visit https://errors.pydantic.dev/2.11/v/int_type
E   packets_modified
E     Input should be a valid integer [type=int_type, input_value=&lt;Mock name='mock.execute_....get()' id='4677883552'&gt;, input_type=Mock]
E       For further information visit https://errors.pydantic.dev/2.11/v/int_type

During handling of the above exception, another exception occurred:
tests/integration/test_enhanced_mask_stage_integration.py:177: in test_end_to_end_processing_simulation
    result = stage.process_file(input_file.name, output_file.name)
             ^^^^^^^^^^^^^^^^^^^^^^^^^^^^^^^^^^^^^^^^^^^^^^^^^^^^^
src/pktmask/core/pipeline/stages/mask_payload/stage.py:259: in process_file
    return self._process_with_enhanced_mode(input_path, output_path)
           ^^^^^^^^^^^^^^^^^^^^^^^^^^^^^^^^^^^^^^^^^^^^^^^^^^^^^^^^^
src/pktmask/core/pipeline/stages/mask_payload/stage.py:349: in _process_with_enhanced_mode
    return self._process_with_basic_mode_fallback(input_path, output_path, duration_ms, str(e))
           ^^^^^^^^^^^^^^^^^^^^^^^^^^^^^^^^^^^^^^^^^^^^^^^^^^^^^^^^^^^^^^^^^^^^^^^^^^^^^^^^^^^^
src/pktmask/core/pipeline/stages/mask_payload/stage.py:405: in _process_with_basic_mode_fallback
    packets: List[Packet] = rdpcap(str(input_path))
                            ^^^^^^^^^^^^^^^^^^^^^^^
.venv/lib/python3.13/site-packages/scapy/utils.py:1345: in rdpcap
    with PcapReader(filename) as fdesc:  # type: ignore
         ^^^^^^^^^^^^^^^^^^^^
.venv/lib/python3.13/site-packages/scapy/utils.py:1387: in __call__
    raise Scapy_Exception(
E   scapy.error.Scapy_Exception: No data could be read!</failure></testcase><testcase classname="tests.integration.test_phase3_day16_real_tls_data_testing.TestPhase3Day16RealTLSDataTesting" name="test_enhanced_processor_on_real_tls_sample[tls_1_2_smtp_mix.pcapng]" time="0.005" /><testcase classname="tests.integration.test_phase3_day16_real_tls_data_testing.TestPhase3Day16RealTLSDataTesting" name="test_enhanced_processor_on_real_tls_sample[tls_1_3_0-RTT-2_22_23_mix.pcapng]" time="0.003" /><testcase classname="tests.integration.test_phase3_day16_real_tls_data_testing.TestPhase3Day16RealTLSDataTesting" name="test_enhanced_processor_on_real_tls_sample[tls_1_2_single_vlan.pcap]" time="0.002" /><testcase classname="tests.integration.test_phase3_day16_real_tls_data_testing.TestPhase3Day16RealTLSDataTesting" name="test_enhanced_processor_on_real_tls_sample[tls_1_2_double_vlan.pcap]" time="0.002" /><testcase classname="tests.integration.test_phase2_day13_error_handling_enhancement.TestErrorReportingAndDiagnostics" name="test_detailed_error_report_generation" time="0.003"><failure message="AssertionError: assert 'error_patterns' in {'processor_info': {'name': 'TShark Enhanced Mask Processor', 'version': '1.0.0 (Phase 2, Day 13)', 'error_analytics_enabled': True}, 'error_summary': {'total_errors': 3, 'recent_errors': 3, 'category_distribution': {'memory_error': 1, 'timeout_error': 1, 'validation_error': 1}, 'severity_distribution': {'high': 1, 'medium': 1, 'low': 1}, 'most_common_patterns': {'memory_error:OUT_OF_MEMORY': 1, 'timeout_error:PROCESSING_TIMEOUT': 1, 'validation_error:VALIDATION_FAILED': 1}, 'recovery_success_rate': {}}, 'processing_stats': {'total_files_processed': 0, 'successful_files': 0, 'fallback_usage': {}, 'tls_records_processed': 0, 'mask_rules_generated': 0, 'packets_modified': 0, 'stage_performance': {}, 'error_recovery_count': 0, 'error_statistics': {}, 'retry_statistics': {}, 'recovery_success_rate': 0.0}, 'configuration': {'retry_config': {'max_retries': 3, 'base_delay': 1.0, 'exponential_backoff': True}, 'fallback_enabled': True, 'fallback_order': ['enhanced_trimmer', 'mask_stage']}, 'error_history': [{'timestamp': 1751525861.087453, 'category': 'memory_error', 'severity': 'high', 'error_code': 'OUT_OF_MEMORY', 'message': '\u6d4b\u8bd5\u9519\u8bef: OUT_OF_MEMORY', 'file_context': None, 'stage_context': None, 'retry_count': 0, 'recovery_attempted': False, 'mitigation_suggestions': []}, {'timestamp': 1751525861.087617, 'category': 'timeout_error', 'severity': 'medium', 'error_code': 'PROCESSING_TIMEOUT', 'message': '\u6d4b\u8bd5\u9519\u8bef: PROCESSING_TIMEOUT', 'file_context': None, 'stage_context': None, 'retry_count': 0, 'recovery_attempted': False, 'mitigation_suggestions': []}, {'timestamp': 1751525861.0876951, 'category': 'validation_error', 'severity': 'low', 'error_code': 'VALIDATION_FAILED', 'message': '\u6d4b\u8bd5\u9519\u8bef: VALIDATION_FAILED', 'file_context': None, 'stage_context': None, 'retry_count': 0, 'recovery_attempted': False, 'mitigation_suggestions': []}], 'retry_history': {}}">tests/integration/test_phase2_day13_error_handling_enhancement.py:519: in test_detailed_error_report_generation
    assert "error_patterns" in report
E   AssertionError: assert 'error_patterns' in {'processor_info': {'name': 'TShark Enhanced Mask Processor', 'version': '1.0.0 (Phase 2, Day 13)', 'error_analytics_enabled': True}, 'error_summary': {'total_errors': 3, 'recent_errors': 3, 'category_distribution': {'memory_error': 1, 'timeout_error': 1, 'validation_error': 1}, 'severity_distribution': {'high': 1, 'medium': 1, 'low': 1}, 'most_common_patterns': {'memory_error:OUT_OF_MEMORY': 1, 'timeout_error:PROCESSING_TIMEOUT': 1, 'validation_error:VALIDATION_FAILED': 1}, 'recovery_success_rate': {}}, 'processing_stats': {'total_files_processed': 0, 'successful_files': 0, 'fallback_usage': {}, 'tls_records_processed': 0, 'mask_rules_generated': 0, 'packets_modified': 0, 'stage_performance': {}, 'error_recovery_count': 0, 'error_statistics': {}, 'retry_statistics': {}, 'recovery_success_rate': 0.0}, 'configuration': {'retry_config': {'max_retries': 3, 'base_delay': 1.0, 'exponential_backoff': True}, 'fallback_enabled': True, 'fallback_order': ['enhanced_trimmer', 'mask_stage']}, 'error_history': [{'timestamp': 1751525861.087453, 'category': 'memory_error', 'severity': 'high', 'error_code': 'OUT_OF_MEMORY', 'message': '\u6d4b\u8bd5\u9519\u8bef: OUT_OF_MEMORY', 'file_context': None, 'stage_context': None, 'retry_count': 0, 'recovery_attempted': False, 'mitigation_suggestions': []}, {'timestamp': 1751525861.087617, 'category': 'timeout_error', 'severity': 'medium', 'error_code': 'PROCESSING_TIMEOUT', 'message': '\u6d4b\u8bd5\u9519\u8bef: PROCESSING_TIMEOUT', 'file_context': None, 'stage_context': None, 'retry_count': 0, 'recovery_attempted': False, 'mitigation_suggestions': []}, {'timestamp': 1751525861.0876951, 'category': 'validation_error', 'severity': 'low', 'error_code': 'VALIDATION_FAILED', 'message': '\u6d4b\u8bd5\u9519\u8bef: VALIDATION_FAILED', 'file_context': None, 'stage_context': None, 'retry_count': 0, 'recovery_attempted': False, 'mitigation_suggestions': []}], 'retry_history': {}}</failure></testcase><testcase classname="tests.integration.test_phase3_day16_real_tls_data_testing.TestPhase3Day16RealTLSDataTesting" name="test_enhanced_processor_on_real_tls_sample[tls_1_2_plainip.pcap]" time="0.003" /><testcase classname="tests.integration.test_phase3_day16_real_tls_data_testing.TestPhase3Day16RealTLSDataTesting" name="test_enhanced_processor_on_real_tls_sample[tls_1_2_pop_mix.pcapng]" time="0.003" /><testcase classname="tests.integration.test_phase1_2_integration_fixed.TestPhase12IntegrationFixed" name="test_performance_and_scalability" time="0.588"><failure message="pktmask.core.trim.exceptions.StageExecutionError: Stage 'EnhancedPySharkAnalyzer' 执行失败: 未知错误 (详情: stage_name=EnhancedPySharkAnalyzer, stage_index=1, total_stages=3)">tests/integration/test_phase1_2_integration_fixed.py:459: in test_performance_and_scalability
    result = executor.execute_pipeline(self.input_file, self.output_file)
             ^^^^^^^^^^^^^^^^^^^^^^^^^^^^^^^^^^^^^^^^^^^^^^^^^^^^^^^^^^^^
src/pktmask/core/trim/multi_stage_executor.py:143: in execute_pipeline
    raise StageExecutionError(
E   pktmask.core.trim.exceptions.StageExecutionError: Stage 'EnhancedPySharkAnalyzer' 执行失败: 未知错误 (详情: stage_name=EnhancedPySharkAnalyzer, stage_index=1, total_stages=3)</failure></testcase><testcase classname="tests.integration.test_phase3_day16_real_tls_data_testing.TestPhase3Day16RealTLSDataTesting" name="test_enhanced_processor_on_real_tls_sample[tls_1_0_multi_segment_google-https.pcap]" time="0.002" /><testcase classname="tests.integration.test_phase2_day13_error_handling_enhancement.TestErrorReportingAndDiagnostics" name="test_verbose_error_report_generation" time="0.001"><failure message="AssertionError: assert 'error_patterns' in {'processor_info': {'name': 'TShark Enhanced Mask Processor', 'version': '1.0.0 (Phase 2, Day 13)', 'error_analytics_enabled': True}, 'error_summary': {'total_errors': 1, 'recent_errors': 1, 'category_distribution': {'processing_error': 1}, 'severity_distribution': {'high': 1}, 'most_common_patterns': {'processing_error:PROCESSING_FAILED': 1}, 'recovery_success_rate': {}}, 'processing_stats': {'total_files_processed': 0, 'successful_files': 0, 'fallback_usage': {}, 'tls_records_processed': 0, 'mask_rules_generated': 0, 'packets_modified': 0, 'stage_performance': {}, 'error_recovery_count': 0, 'error_statistics': {}, 'retry_statistics': {}, 'recovery_success_rate': 0.0}, 'configuration': {'retry_config': {'max_retries': 3, 'base_delay': 1.0, 'exponential_backoff': True}, 'fallback_enabled': True, 'fallback_order': ['enhanced_trimmer', 'mask_stage']}, 'error_history': [{'timestamp': 1751525861.101197, 'category': 'processing_error', 'severity': 'high', 'error_code': 'PROCESSING_FAILED', 'message': '\u5904\u7406\u5931\u8d25', 'file_context': 'test_file.pcap', 'stage_context': 'main_processing', 'retry_count': 0, 'recovery_attempted': False, 'mitigation_suggestions': [], 'exception_type': 'ValueError'}], 'retry_history': {}, 'system_diagnostics': {'temp_dir': None, 'temp_dir_exists': False, 'fallback_processors_available': [], 'core_components_available': False, 'current_fallback_mode': None}}">tests/integration/test_phase2_day13_error_handling_enhancement.py:549: in test_verbose_error_report_generation
    assert "error_patterns" in report
E   AssertionError: assert 'error_patterns' in {'processor_info': {'name': 'TShark Enhanced Mask Processor', 'version': '1.0.0 (Phase 2, Day 13)', 'error_analytics_enabled': True}, 'error_summary': {'total_errors': 1, 'recent_errors': 1, 'category_distribution': {'processing_error': 1}, 'severity_distribution': {'high': 1}, 'most_common_patterns': {'processing_error:PROCESSING_FAILED': 1}, 'recovery_success_rate': {}}, 'processing_stats': {'total_files_processed': 0, 'successful_files': 0, 'fallback_usage': {}, 'tls_records_processed': 0, 'mask_rules_generated': 0, 'packets_modified': 0, 'stage_performance': {}, 'error_recovery_count': 0, 'error_statistics': {}, 'retry_statistics': {}, 'recovery_success_rate': 0.0}, 'configuration': {'retry_config': {'max_retries': 3, 'base_delay': 1.0, 'exponential_backoff': True}, 'fallback_enabled': True, 'fallback_order': ['enhanced_trimmer', 'mask_stage']}, 'error_history': [{'timestamp': 1751525861.101197, 'category': 'processing_error', 'severity': 'high', 'error_code': 'PROCESSING_FAILED', 'message': '\u5904\u7406\u5931\u8d25', 'file_context': 'test_file.pcap', 'stage_context': 'main_processing', 'retry_count': 0, 'recovery_attempted': False, 'mitigation_suggestions': [], 'exception_type': 'ValueError'}], 'retry_history': {}, 'system_diagnostics': {'temp_dir': None, 'temp_dir_exists': False, 'fallback_processors_available': [], 'core_components_available': False, 'current_fallback_mode': None}}</failure></testcase><testcase classname="tests.integration.test_phase3_day16_real_tls_data_testing.TestPhase3Day16RealTLSDataTesting" name="test_enhanced_processor_on_real_tls_sample[tls_1_2-2.pcapng]" time="0.002" /><testcase classname="tests.integration.test_phase3_day16_real_tls_data_testing.TestPhase3Day16RealTLSDataTesting" name="test_enhanced_processor_on_real_tls_sample[ssl_3.pcapng]" time="0.002" /><testcase classname="tests.integration.test_phase3_day16_real_tls_data_testing.TestPhase3Day16RealTLSDataTesting" name="test_cross_sample_protocol_coverage" time="0.001" /><testcase classname="tests.integration.test_phase3_day16_real_tls_data_testing.TestPhase3Day16RealTLSDataTesting" name="test_enhanced_processor_fallback_on_real_data" time="0.003" /><testcase classname="tests.integration.test_phase2_day13_error_handling_enhancement.TestErrorReportingAndDiagnostics" name="test_mitigation_recommendations_generation" time="0.001" /><testcase classname="tests.integration.test_phase3_day16_real_tls_data_testing.TestPhase3Day16RealTLSDataTesting" name="test_real_data_error_recovery" time="0.002" /><testcase classname="tests.integration.test_phase2_day14_comprehensive_e2e.TestPhase2Day14ComprehensiveE2E" name="test_e2e_complete_workflow_with_mock_tshark" time="0.902"><failure message="AttributeError: 'dict' object has no attribute 'content_type'">tests/integration/test_phase2_day14_comprehensive_e2e.py:124: in test_e2e_complete_workflow_with_mock_tshark
    result = processor.process_file(self.input_file, self.output_file)
             ^^^^^^^^^^^^^^^^^^^^^^^^^^^^^^^^^^^^^^^^^^^^^^^^^^^^^^^^^
src/pktmask/core/processors/tshark_enhanced_mask_processor.py:775: in process_file
    result = self._process_with_core_pipeline(input_path, output_path)
             ^^^^^^^^^^^^^^^^^^^^^^^^^^^^^^^^^^^^^^^^^^^^^^^^^^^^^^^^^
src/pktmask/core/processors/tshark_enhanced_mask_processor.py:861: in _process_with_core_pipeline
    tls_23_records = [r for r in tls_records if r.content_type == 23]
                                                ^^^^^^^^^^^^^^
E   AttributeError: 'dict' object has no attribute 'content_type'</failure></testcase><testcase classname="tests.integration.test_phase3_day16_real_tls_data_testing.TestPhase3Day16RealTLSDataTesting" name="test_phase3_day16_acceptance_criteria" time="0.003" /><testcase classname="tests.integration.test_phase3_day17_cross_segment_tls.TestPhase3Day17CrossSegmentTLS" name="test_cross_segment_boundary_safety" time="0.002" /><testcase classname="tests.integration.test_phase3_day17_cross_segment_tls.TestPhase3Day17CrossSegmentTLS" name="test_cross_segment_detection_accuracy" time="0.002" /><testcase classname="tests.integration.test_phase3_day17_cross_segment_tls.TestPhase3Day17CrossSegmentTLS" name="test_cross_segment_processing_strategy" time="0.004"><failure message="AssertionError: 5 != 3 : 应该生成3个掩码规则">tests/integration/test_phase3_day17_cross_segment_tls.py:207: in test_cross_segment_processing_strategy
    self.assertEqual(len(rules), 3, "应该生成3个掩码规则")
E   AssertionError: 5 != 3 : 应该生成3个掩码规则</failure></testcase><testcase classname="tests.integration.test_phase3_day17_cross_segment_tls.TestPhase3Day17CrossSegmentTLS" name="test_cross_segment_statistics" time="0.005"><failure message="AssertionError: 8 != 7 : 应该生成7个掩码规则（6个基础+1个跨包分段）">tests/integration/test_phase3_day17_cross_segment_tls.py:304: in test_cross_segment_statistics
    self.assertEqual(len(rules), 7, "应该生成7个掩码规则（6个基础+1个跨包分段）")
E   AssertionError: 8 != 7 : 应该生成7个掩码规则（6个基础+1个跨包分段）</failure></testcase><testcase classname="tests.integration.test_phase3_day17_cross_segment_tls.TestPhase3Day17CrossSegmentTLS" name="test_end_to_end_cross_segment_processing" time="0.015"><failure message="RuntimeError: 核心组件不可用！强制协议适配模式要求所有核心组件必须可用。TShark分析器: ✗, 规则生成器: ✗, Scapy应用器: ✗">tests/integration/test_phase3_day17_cross_segment_tls.py:425: in test_end_to_end_cross_segment_processing
    result = processor.process_file(str(self.input_file), str(self.output_file))
             ^^^^^^^^^^^^^^^^^^^^^^^^^^^^^^^^^^^^^^^^^^^^^^^^^^^^^^^^^^^^^^^^^^^
src/pktmask/core/processors/tshark_enhanced_mask_processor.py:765: in process_file
    raise RuntimeError(
E   RuntimeError: 核心组件不可用！强制协议适配模式要求所有核心组件必须可用。TShark分析器: ✗, 规则生成器: ✗, Scapy应用器: ✗</failure></testcase><testcase classname="tests.integration.test_phase3_day17_cross_segment_tls.TestPhase3Day17CrossSegmentTLS" name="test_real_multi_segment_file_analysis" time="0.004" /><testcase classname="tests.integration.test_phase3_day18_tls_protocol_types.TestPhase3Day18TLSProtocolTypes" name="test_all_protocol_types_together" time="0.002"><failure message="AssertionError: 100 != 95 : TLS-23应该掩码95字节载荷">tests/integration/test_phase3_day18_tls_protocol_types.py:170: in test_all_protocol_types_together
    self.assertEqual(tls_23_rule.mask_length, 95,
E   AssertionError: 100 != 95 : TLS-23应该掩码95字节载荷</failure></testcase><testcase classname="tests.integration.test_phase3_day18_tls_protocol_types.TestPhase3Day18TLSProtocolTypes" name="test_boundary_cases_protocol_strategies" time="0.002"><failure message="AssertionError: &lt;MaskAction.MASK_PAYLOAD: 'mask_payload'&gt; != &lt;MaskAction.KEEP_ALL: 'keep_all'&gt; : TLS-23在最小长度记录下的处理策略不正确">tests/integration/test_phase3_day18_tls_protocol_types.py:273: in test_boundary_cases_protocol_strategies
    self.assertEqual(tls_23_rule.action, test_case['expected_23_action'],
E   AssertionError: &lt;MaskAction.MASK_PAYLOAD: 'mask_payload'&gt; != &lt;MaskAction.KEEP_ALL: 'keep_all'&gt; : TLS-23在最小长度记录下的处理策略不正确</failure></testcase><testcase classname="tests.integration.test_phase3_day18_tls_protocol_types.TestPhase3Day18TLSProtocolTypes" name="test_individual_protocol_type_strategies" time="0.003"><failure message="AssertionError: 100 != 95 : TLS-23(ApplicationData)应该掩码95字节载荷">tests/integration/test_phase3_day18_tls_protocol_types.py:117: in test_individual_protocol_type_strategies
    self.assertEqual(rule.mask_length, 95,
E   AssertionError: 100 != 95 : TLS-23(ApplicationData)应该掩码95字节载荷</failure></testcase><testcase classname="tests.integration.test_enhanced_mask_stage_integration.TestEnhancedMaskStageIntegration" name="test_configuration_propagation" time="0.001" /><testcase classname="tests.integration.test_enhanced_mask_stage_integration.TestEnhancedMaskStageIntegration" name="test_performance_metrics_collection" time="0.001"><failure message="scapy.error.Scapy_Exception: No data could be read!">src/pktmask/core/pipeline/stages/mask_payload/stage.py:327: in _process_with_enhanced_mode
    return StageStats(
E   pydantic_core._pydantic_core.ValidationError: 2 validation errors for StageStats
E   packets_processed
E     Input should be a valid integer [type=int_type, input_value=&lt;Mock name='mock.execute_....get()' id='4677882208'&gt;, input_type=Mock]
E       For further information visit https://errors.pydantic.dev/2.11/v/int_type
E   packets_modified
E     Input should be a valid integer [type=int_type, input_value=&lt;Mock name='mock.execute_....get()' id='4677882208'&gt;, input_type=Mock]
E       For further information visit https://errors.pydantic.dev/2.11/v/int_type

During handling of the above exception, another exception occurred:
tests/integration/test_enhanced_mask_stage_integration.py:241: in test_performance_metrics_collection
    result = stage.process_file(input_file.name, output_file.name)
             ^^^^^^^^^^^^^^^^^^^^^^^^^^^^^^^^^^^^^^^^^^^^^^^^^^^^^
src/pktmask/core/pipeline/stages/mask_payload/stage.py:259: in process_file
    return self._process_with_enhanced_mode(input_path, output_path)
           ^^^^^^^^^^^^^^^^^^^^^^^^^^^^^^^^^^^^^^^^^^^^^^^^^^^^^^^^^
src/pktmask/core/pipeline/stages/mask_payload/stage.py:349: in _process_with_enhanced_mode
    return self._process_with_basic_mode_fallback(input_path, output_path, duration_ms, str(e))
           ^^^^^^^^^^^^^^^^^^^^^^^^^^^^^^^^^^^^^^^^^^^^^^^^^^^^^^^^^^^^^^^^^^^^^^^^^^^^^^^^^^^^
src/pktmask/core/pipeline/stages/mask_payload/stage.py:405: in _process_with_basic_mode_fallback
    packets: List[Packet] = rdpcap(str(input_path))
                            ^^^^^^^^^^^^^^^^^^^^^^^
.venv/lib/python3.13/site-packages/scapy/utils.py:1345: in rdpcap
    with PcapReader(filename) as fdesc:  # type: ignore
         ^^^^^^^^^^^^^^^^^^^^
.venv/lib/python3.13/site-packages/scapy/utils.py:1387: in __call__
    raise Scapy_Exception(
E   scapy.error.Scapy_Exception: No data could be read!</failure></testcase><testcase classname="tests.integration.test_phase3_day18_tls_protocol_types.TestPhase3Day18TLSProtocolTypes" name="test_protocol_type_strategy_consistency" time="0.001" /><testcase classname="tests.integration.test_phase3_day18_tls_protocol_types.TestPhase3Day18TLSProtocolTypes" name="test_unsupported_protocol_type_handling" time="0.001" /><testcase classname="tests.integration.test_phase3_day18_tls_protocol_types.TestPhase3Day18AcceptanceCriteria" name="test_acceptance_criteria_verification" time="0.000" /><testcase classname="tests.unit.test_config.TestLoggingSettings" name="test_logging_defaults" time="0.000" /><testcase classname="tests.unit.test_config.TestLoggingSettings" name="test_logging_modifications" time="0.000" /><testcase classname="tests.unit.test_config.TestConfigurationIntegration" name="test_config_save_and_load" time="0.016" /><testcase classname="tests.unit.test_config.TestConfigurationIntegration" name="test_config_default_path" time="0.000" /><testcase classname="tests.unit.test_config.TestConfigurationIntegration" name="test_config_with_nonexistent_file" time="0.001" /><testcase classname="tests.unit.test_config.TestConfigurationIntegration" name="test_config_helper_methods" time="0.000" /><testcase classname="tests.unit.test_config.TestConfigurationEdgeCases" name="test_invalid_config_data" time="0.001" /><testcase classname="tests.unit.test_config.TestConfigurationEdgeCases" name="test_partial_config_data" time="0.002" /><testcase classname="tests.unit.test_config.TestConfigurationEdgeCases" name="test_config_update_directories" time="0.001" /><testcase classname="tests.unit.test_config.TestConfigurationDefaults" name="test_default_values_are_reasonable" time="0.001" /><testcase classname="tests.unit.test_config.TestConfigurationDefaults" name="test_configs_are_consistent" time="0.000" /><testcase classname="tests.unit.test_domain_adapters_comprehensive.TestEventDataAdapter" name="test_event_adapter_initialization" time="0.001" /><testcase classname="tests.unit.test_domain_adapters_comprehensive.TestEventDataAdapter" name="test_from_legacy_dict_basic" time="0.000"><skipped type="pytest.skip" message="Legacy format conversion tests require complex data model setup - feature works but tests need refinement">/Users/ricky/Downloads/PktMask/tests/unit/test_domain_adapters_comprehensive.py:31: Legacy format conversion tests require complex data model setup - feature works but tests need refinement</skipped></testcase><testcase classname="tests.unit.test_domain_adapters_comprehensive.TestEventDataAdapter" name="test_to_legacy_dict_basic" time="0.001" /><testcase classname="tests.unit.test_domain_adapters_comprehensive.TestEventDataAdapter" name="test_preprocess_legacy_data_log" time="0.000" /><testcase classname="tests.unit.test_domain_adapters_comprehensive.TestEventDataAdapter" name="test_create_enhanced_event" time="0.001"><skipped type="pytest.skip" message="Enhanced event creation requires complex data model setup - feature works but tests need refinement">/Users/ricky/Downloads/PktMask/tests/unit/test_domain_adapters_comprehensive.py:66: Enhanced event creation requires complex data model setup - feature works but tests need refinement</skipped></testcase><testcase classname="tests.unit.test_domain_adapters_comprehensive.TestEventDataAdapter" name="test_is_legacy_format" time="0.000"><skipped type="pytest.skip" message="Legacy format detection requires complex data model setup - feature works but tests need refinement">/Users/ricky/Downloads/PktMask/tests/unit/test_domain_adapters_comprehensive.py:70: Legacy format detection requires complex data model setup - feature works but tests need refinement</skipped></testcase><testcase classname="tests.unit.test_domain_adapters_comprehensive.TestStatisticsDataAdapter" name="test_statistics_adapter_initialization" time="0.000" /><testcase classname="tests.unit.test_domain_adapters_comprehensive.TestStatisticsDataAdapter" name="test_to_legacy_dict_basic" time="0.002" /><testcase classname="tests.unit.test_domain_adapters_comprehensive.TestStatisticsDataAdapter" name="test_merge_statistics_basic" time="0.002" /><testcase classname="tests.unit.test_domain_adapters_comprehensive.TestStatisticsDataAdapter" name="test_create_dashboard_update" time="0.001" /><testcase classname="tests.unit.test_domain_adapters_comprehensive.TestStatisticsDataAdapter" name="test_validate_statistics_data" time="0.003" /><testcase classname="tests.unit.test_domain_adapters_comprehensive.TestDataModels" name="test_pipeline_event_data_exists" time="0.001" /><testcase classname="tests.unit.test_domain_adapters_comprehensive.TestDataModels" name="test_statistics_data_exists" time="0.001" /><testcase classname="tests.unit.test_domain_adapters_comprehensive.TestDataModels" name="test_pipeline_events_enum" time="0.001" /><testcase classname="tests.unit.test_domain_adapters_comprehensive.TestDomainAdaptersIntegration" name="test_adapters_can_be_instantiated" time="0.000" /><testcase classname="tests.unit.test_domain_adapters_comprehensive.TestDomainAdaptersIntegration" name="test_adapters_have_expected_methods" time="0.000" /><testcase classname="tests.unit.test_domain_adapters_comprehensive.TestDomainAdaptersIntegration" name="test_error_handling_in_adapters" time="0.001" /><testcase classname="tests.unit.test_encapsulation_basic.TestEncapsulationTypes" name="test_encapsulation_type_enum" time="0.000" /><testcase classname="tests.unit.test_encapsulation_basic.TestEncapsulationDetector" name="test_detector_initialization" time="0.002" /><testcase classname="tests.unit.test_encapsulation_basic.TestEncapsulationDetector" name="test_detect_plain_packet" time="0.002" /><testcase classname="tests.unit.test_encapsulation_basic.TestEncapsulationDetector" name="test_detect_vlan_packet" time="0.002" /><testcase classname="tests.unit.test_encapsulation_basic.TestEncapsulationDetector" name="test_is_encapsulated" time="0.003" /><testcase classname="tests.unit.test_encapsulation_basic.TestEncapsulationDetector" name="test_get_encapsulation_depth" time="0.002" /><testcase classname="tests.unit.test_encapsulation_basic.TestEncapsulationDetector" name="test_get_supported_encapsulations" time="0.001" /><testcase classname="tests.unit.test_encapsulation_basic.TestEncapsulationDetector" name="test_cache_functionality" time="0.002" /><testcase classname="tests.unit.test_encapsulation_basic.TestProtocolStackParser" name="test_parser_initialization" time="0.001" /><testcase classname="tests.unit.test_encapsulation_basic.TestProtocolStackParser" name="test_parse_plain_packet_layers" time="0.004" /><testcase classname="tests.unit.test_encapsulation_basic.TestProtocolStackParser" name="test_parse_vlan_packet_layers" time="0.003" /><testcase classname="tests.unit.test_encapsulation_basic.TestProtocolStackParser" name="test_extract_all_ip_addresses" time="0.002" /><testcase classname="tests.unit.test_encapsulation_basic.TestProtocolStackParser" name="test_find_innermost_payload" time="0.002" /><testcase classname="tests.unit.test_encapsulation_basic.TestProcessingAdapter" name="test_adapter_initialization" time="0.001" /><testcase classname="tests.unit.test_encapsulation_basic.TestProcessingAdapter" name="test_analyze_packet_for_ip_processing" time="0.002" /><testcase classname="tests.unit.test_encapsulation_basic.TestProcessingAdapter" name="test_analyze_packet_for_payload_processing" time="0.002" /><testcase classname="tests.unit.test_encapsulation_basic.TestProcessingAdapter" name="test_extract_ips_for_anonymization" time="0.002" /><testcase classname="tests.unit.test_encapsulation_basic.TestProcessingAdapter" name="test_is_packet_encapsulated" time="0.002" /><testcase classname="tests.unit.test_encapsulation_basic.TestProcessingAdapter" name="test_get_encapsulation_summary" time="0.004" /><testcase classname="tests.unit.test_encapsulation_basic.TestProcessingAdapter" name="test_get_processing_stats" time="0.004" /><testcase classname="tests.unit.test_encapsulation_basic.TestProcessingAdapter" name="test_reset_stats" time="0.003" /><testcase classname="tests.integration.test_enhanced_mask_stage_integration.TestEnhancedMaskStageIntegration" name="test_error_handling_and_recovery" time="0.002" /><testcase classname="tests.unit.test_encapsulation_basic.TestEncapsulationIntegration" name="test_end_to_end_plain_packet" time="0.005" /><testcase classname="tests.integration.test_enhanced_mask_stage_integration.TestMaskStageCompatibility" name="test_stage_stats_compatibility" time="0.003" /><testcase classname="tests.integration.test_enhanced_mask_stage_integration.TestMaskStageCompatibility" name="test_backward_compatibility_with_original_interface" time="0.514" /><testcase classname="tests.unit.test_encapsulation_basic.TestEncapsulationIntegration" name="test_end_to_end_vlan_packet" time="0.005" /><testcase classname="tests.unit.test_enhanced_ip_anonymization.TestEnhancedIPAnonymization" name="test_strategy_initialization_with_encapsulation_support" time="0.001" /><testcase classname="tests.unit.test_enhanced_ip_anonymization.TestEnhancedIPAnonymization" name="test_reset_with_encapsulation_stats" time="0.001" /><testcase classname="tests.unit.test_enhanced_ip_anonymization.TestEnhancedIPAnonymization" name="test_prescan_plain_packets" time="0.025" /><testcase classname="tests.unit.test_enhanced_ip_anonymization.TestEnhancedIPAnonymization" name="test_prescan_vlan_packets" time="0.014" /><testcase classname="tests.unit.test_enhanced_ip_anonymization.TestEnhancedIPAnonymization" name="test_prescan_mixed_packets" time="0.015" /><testcase classname="tests.unit.test_enhanced_ip_anonymization.TestEnhancedIPAnonymization" name="test_create_mapping_with_encapsulation_stats" time="0.009" /><testcase classname="tests.unit.test_enhanced_ip_anonymization.TestEnhancedIPAnonymization" name="test_anonymize_plain_packet" time="0.001" /><testcase classname="tests.unit.test_enhanced_ip_anonymization.TestEnhancedIPAnonymization" name="test_anonymize_vlan_packet" time="0.008" /><testcase classname="tests.unit.test_enhanced_ip_anonymization.TestEnhancedIPAnonymization" name="test_anonymize_packet_not_in_mapping" time="0.001" /><testcase classname="tests.unit.test_enhanced_ip_anonymization.TestEnhancedIPAnonymization" name="test_anonymize_packet_no_mapping" time="0.001" /><testcase classname="tests.unit.test_enhanced_ip_anonymization.TestEncapsulationStatistics" name="test_encapsulation_stats_initialization" time="0.000" /><testcase classname="tests.unit.test_enhanced_ip_anonymization.TestEncapsulationStatistics" name="test_stats_collection_during_prescan" time="0.019" /><testcase classname="tests.unit.test_enhanced_ip_anonymization.TestEncapsulationIntegration" name="test_end_to_end_vlan_processing" time="0.011" /><testcase classname="tests.unit.test_enhanced_ip_anonymization.TestEncapsulationIntegration" name="test_mixed_encapsulation_processing" time="0.015" /><testcase classname="tests.unit.test_enhanced_mask_stage.TestEnhancedMaskStage" name="test_initialization_enhanced_mode_default" time="0.000" /><testcase classname="tests.unit.test_enhanced_mask_stage.TestEnhancedMaskStage" name="test_initialization_explicit_enhanced_mode" time="0.000" /><testcase classname="tests.unit.test_enhanced_mask_stage.TestEnhancedMaskStage" name="test_initialization_basic_mode" time="0.000" /><testcase classname="tests.unit.test_enhanced_mask_stage.TestEnhancedMaskStage" name="test_enhanced_mode_initialization_success" time="0.002" /><testcase classname="tests.unit.test_enhanced_mask_stage.TestEnhancedMaskStage" name="test_enhanced_mode_initialization_import_failure_fallback" time="0.001" /><testcase classname="tests.unit.test_enhanced_mask_stage.TestEnhancedMaskStage" name="test_basic_mode_initialization_with_recipe" time="0.001" /><testcase classname="tests.unit.test_enhanced_mask_stage.TestEnhancedMaskStage" name="test_stage_config_creation_tshark" time="0.003" /><testcase classname="tests.unit.test_enhanced_mask_stage.TestEnhancedMaskStage" name="test_stage_config_creation_pyshark" time="0.000" /><testcase classname="tests.unit.test_enhanced_mask_stage.TestEnhancedMaskStage" name="test_stage_config_creation_scapy" time="0.000" /><testcase classname="tests.unit.test_enhanced_mask_stage.TestEnhancedMaskStage" name="test_process_file_enhanced_mode_success" time="0.002"><failure message="assert 0 == 100&#10; +  where 0 = StageStats(stage_name='MaskStage', packets_processed=0, packets_modified=0, duration_ms=0.26702880859375, extra_metrics={'enhanced_mode': False, 'processor_adapter_mode': False, 'mode': 'fallback', 'original_mode': 'enhanced_or_processor_adapter', 'fallback_reason': &quot;2 validation errors for StageStats\npackets_processed\n  Input should be a valid integer [type=int_type, input_value=&lt;Mock name='mock.execute_....get()' id='4767839776'&gt;, input_type=Mock]\n    For further information visit https://errors.pydantic.dev/2.11/v/int_type\npackets_modified\n  Input should be a valid integer [type=int_type, input_value=&lt;Mock name='mock.execute_....get()' id='4767839776'&gt;, input_type=Mock]\n    For further information visit https://errors.pydantic.dev/2.11/v/int_type&quot;, 'graceful_degradation': True}).packets_processed">tests/unit/test_enhanced_mask_stage.py:175: in test_process_file_enhanced_mode_success
    assert result.packets_processed == 100
E   assert 0 == 100
E    +  where 0 = StageStats(stage_name='MaskStage', packets_processed=0, packets_modified=0, duration_ms=0.26702880859375, extra_metrics={'enhanced_mode': False, 'processor_adapter_mode': False, 'mode': 'fallback', 'original_mode': 'enhanced_or_processor_adapter', 'fallback_reason': "2 validation errors for StageStats\npackets_processed\n  Input should be a valid integer [type=int_type, input_value=&lt;Mock name='mock.execute_....get()' id='4767839776'&gt;, input_type=Mock]\n    For further information visit https://errors.pydantic.dev/2.11/v/int_type\npackets_modified\n  Input should be a valid integer [type=int_type, input_value=&lt;Mock name='mock.execute_....get()' id='4767839776'&gt;, input_type=Mock]\n    For further information visit https://errors.pydantic.dev/2.11/v/int_type", 'graceful_degradation': True}).packets_processed</failure></testcase><testcase classname="tests.unit.test_enhanced_mask_stage.TestEnhancedMaskStage" name="test_process_file_enhanced_mode_failure_fallback" time="0.002" /><testcase classname="tests.unit.test_enhanced_mask_stage.TestEnhancedMaskStage" name="test_process_file_basic_mode_with_masker" time="0.002" /><testcase classname="tests.unit.test_enhanced_mask_stage.TestEnhancedMaskStage" name="test_process_file_basic_mode_no_masker_bypass" time="0.001" /><testcase classname="tests.unit.test_enhanced_mask_stage.TestEnhancedMaskStage" name="test_mode_switching_during_runtime" time="0.000" /><testcase classname="tests.unit.test_enhanced_mask_stage.TestEnhancedMaskStage" name="test_configuration_inheritance" time="0.000" /><testcase classname="tests.unit.test_enhanced_mask_stage.TestMaskStageIntegration" name="test_compatibility_with_stage_base_interface" time="0.000" /><testcase classname="tests.unit.test_enhanced_mask_stage.TestMaskStageIntegration" name="test_error_handling_in_initialization" time="0.001" /><testcase classname="tests.unit.test_enhanced_mask_stage.TestMaskStageIntegration" name="test_file_path_handling" time="0.001" /><testcase classname="tests.unit.test_enhanced_payload_trimming.TestEnhancedPayloadTrimming" name="test_encapsulation_statistics_collection" time="0.009" /><testcase classname="tests.unit.test_enhanced_payload_trimming.TestEnhancedPayloadTrimming" name="test_enhanced_tcp_session_key_fallback" time="0.002" /><testcase classname="tests.unit.test_enhanced_payload_trimming.TestEnhancedPayloadTrimming" name="test_enhanced_tcp_session_key_plain_packet" time="0.001" /><testcase classname="tests.unit.test_enhanced_payload_trimming.TestEnhancedPayloadTrimming" name="test_enhanced_tcp_session_key_vlan_packet" time="0.002" /><testcase classname="tests.unit.test_enhanced_payload_trimming.TestEnhancedPayloadTrimming" name="test_enhanced_tcp_session_key_without_adapter" time="0.002" /><testcase classname="tests.unit.test_enhanced_payload_trimming.TestEnhancedPayloadTrimming" name="test_error_handling_and_fallback" time="0.005" /><testcase classname="tests.unit.test_enhanced_payload_trimming.TestEnhancedPayloadTrimming" name="test_performance_logging_integration" time="0.020" /><testcase classname="tests.unit.test_enhanced_payload_trimming.TestEnhancedPayloadTrimming" name="test_process_pcap_data_enhanced_mixed_packets" time="0.002" /><testcase classname="tests.unit.test_enhanced_payload_trimming.TestEnhancedPayloadTrimming" name="test_process_pcap_data_enhanced_plain_packets" time="0.004" /><testcase classname="tests.unit.test_enhanced_payload_trimming.TestEnhancedPayloadTrimming" name="test_process_pcap_data_enhanced_vlan_packets" time="0.005" /><testcase classname="tests.unit.test_enhanced_payload_trimming.TestEnhancedPayloadTrimming" name="test_process_pcap_data_enhanced_without_adapter" time="0.004" /><testcase classname="tests.unit.test_enhanced_payload_trimming.TestEnhancedPayloadTrimming" name="test_tcp_session_consistency" time="0.003" /><testcase classname="tests.unit.test_enhanced_payload_trimming.TestEnhancedPayloadTrimming" name="test_tls_signaling_detection_compatibility" time="0.002" /><testcase classname="tests.unit.test_enhanced_payload_trimming.TestEnhancedPayloadTrimming" name="test_trim_packet_payload_functionality" time="0.003" /><testcase classname="tests.unit.test_enhanced_payload_trimming.TestEnhancedPayloadTrimming" name="test_trimming_step_initialization" time="0.002" /><testcase classname="tests.integration.test_phase1_2_integration_fixed.TestPhase12IntegrationFixed" name="test_existing_system_compatibility" time="0.027" /><testcase classname="tests.unit.test_enhanced_payload_trimming.TestEnhancedPayloadTrimming" name="test_trimming_step_process_file_with_encapsulation" time="0.014" /><testcase classname="tests.integration.test_phase2_2_integration_simple.TestPhase22IntegrationSimple" name="test_error_handling_integration" time="0.003"><failure message="TypeError: argument of type 'NoneType' is not iterable">tests/integration/test_phase2_2_integration_simple.py:143: in test_error_handling_integration
    assert "PyShark分析失败" in result.error
           ^^^^^^^^^^^^^^^^^^^^^^^^^^^^^
E   TypeError: argument of type 'NoneType' is not iterable</failure></testcase><testcase classname="tests.unit.test_enhanced_trim_core_models.TestMaskSpec" name="test_keep_all" time="0.000" /><testcase classname="tests.unit.test_enhanced_trim_core_models.TestMaskSpec" name="test_mask_after_basic" time="0.000" /><testcase classname="tests.unit.test_enhanced_trim_core_models.TestMaskSpec" name="test_mask_after_empty_payload" time="0.001" /><testcase classname="tests.unit.test_enhanced_trim_core_models.TestMaskSpec" name="test_mask_after_full_keep" time="0.001" /><testcase classname="tests.integration.test_phase2_2_integration_simple.TestPhase22IntegrationSimple" name="test_configuration_integration" time="0.002" /><testcase classname="tests.unit.test_enhanced_trim_core_models.TestMaskSpec" name="test_mask_after_full_zero" time="0.001" /><testcase classname="tests.integration.test_phase2_2_integration_simple.TestPhase22IntegrationSimple" name="test_mask_table_generation" time="0.404"><failure message="assert False&#10; +  where False = &lt;pktmask.core.processors.base_processor.ProcessorResult object at 0x127029bd0&gt;.success">tests/integration/test_phase2_2_integration_simple.py:225: in test_mask_table_generation
    assert result.success
E   assert False
E    +  where False = &lt;pktmask.core.processors.base_processor.ProcessorResult object at 0x127029bd0&gt;.success</failure></testcase><testcase classname="tests.unit.test_enhanced_trim_core_models.TestMaskSpec" name="test_mask_after_invalid_params" time="0.000" /><testcase classname="tests.unit.test_enhanced_trim_core_models.TestMaskSpec" name="test_mask_range_basic" time="0.004" /><testcase classname="tests.integration.test_phase1_day7_component_integration.TestPhase1Day7ComponentIntegration" name="test_basic_three_stage_integration" time="0.005" /><testcase classname="tests.integration.test_phase1_day7_component_integration.TestPhase1Day7ComponentIntegration" name="test_data_flow_consistency" time="0.003"><failure message="AssertionError: assert 4 == 3&#10; +  where 4 = len([MaskRule(packet_number=1, tcp_stream_id='stream_1', tls_record_offset=0, tls_record_length=105, mask_offset=0, mask_length=0, action=&lt;MaskAction.KEEP_ALL: 'keep_all'&gt;, reason='TLS-22 \u534f\u8bae\u5b8c\u5168\u4fdd\u7559\u7b56\u7565', tls_record_type=22), MaskRule(packet_number=2, tcp_stream_id='stream_1', tls_record_offset=0, tls_record_length=205, mask_offset=5, mask_length=200, action=&lt;MaskAction.MASK_PAYLOAD: 'mask_payload'&gt;, reason='TLS-23 \u667a\u80fd\u63a9\u7801\uff1a\u4fdd\u7559\u5934\u90e8\uff0c\u63a9\u7801\u8f7d\u8377', tls_record_type=23), MaskRule(packet_number=3, tcp_stream_id='stream_1', tls_record_offset=0, tls_record_length=305, mask_offset=5, mask_length=300, action=&lt;MaskAction.MASK_PAYLOAD: 'mask_payload'&gt;, reason='TLS-23 \u8de8\u5305\u91cd\u7ec4\u5305\u63a9\u7801\uff1a\u4fdd\u75595\u5b57\u8282\u5934\u90e8\uff0c\u63a9\u7801300\u5b57\u8282\u8f7d\u8377 (\u8de8\u5305[3, 4])', tls_record_type=23), MaskRule(packet_number=4, tcp_stream_id='stream_1', tls_record_offset=0, tls_record_length=0, mask_offset=0, mask_length=-1, action=&lt;MaskAction.MASK_PAYLOAD: 'mask_payload'&gt;, reason='TLS-23 \u8de8\u5305\u4e2d\u95f4\u6bb5\u63a9\u7801\uff1a\u63a9\u7801\u6574\u4e2a\u8f7d\u8377 (\u5206\u6bb52/2, \u91cd\u7ec4\u5230\u53053)', tls_record_type=23)])">tests/integration/test_phase1_day7_component_integration.py:187: in test_data_flow_consistency
    assert len(mask_rules) == 3
E   AssertionError: assert 4 == 3
E    +  where 4 = len([MaskRule(packet_number=1, tcp_stream_id='stream_1', tls_record_offset=0, tls_record_length=105, mask_offset=0, mask_length=0, action=&lt;MaskAction.KEEP_ALL: 'keep_all'&gt;, reason='TLS-22 \u534f\u8bae\u5b8c\u5168\u4fdd\u7559\u7b56\u7565', tls_record_type=22), MaskRule(packet_number=2, tcp_stream_id='stream_1', tls_record_offset=0, tls_record_length=205, mask_offset=5, mask_length=200, action=&lt;MaskAction.MASK_PAYLOAD: 'mask_payload'&gt;, reason='TLS-23 \u667a\u80fd\u63a9\u7801\uff1a\u4fdd\u7559\u5934\u90e8\uff0c\u63a9\u7801\u8f7d\u8377', tls_record_type=23), MaskRule(packet_number=3, tcp_stream_id='stream_1', tls_record_offset=0, tls_record_length=305, mask_offset=5, mask_length=300, action=&lt;MaskAction.MASK_PAYLOAD: 'mask_payload'&gt;, reason='TLS-23 \u8de8\u5305\u91cd\u7ec4\u5305\u63a9\u7801\uff1a\u4fdd\u75595\u5b57\u8282\u5934\u90e8\uff0c\u63a9\u7801300\u5b57\u8282\u8f7d\u8377 (\u8de8\u5305[3, 4])', tls_record_type=23), MaskRule(packet_number=4, tcp_stream_id='stream_1', tls_record_offset=0, tls_record_length=0, mask_offset=0, mask_length=-1, action=&lt;MaskAction.MASK_PAYLOAD: 'mask_payload'&gt;, reason='TLS-23 \u8de8\u5305\u4e2d\u95f4\u6bb5\u63a9\u7801\uff1a\u63a9\u7801\u6574\u4e2a\u8f7d\u8377 (\u5206\u6bb52/2, \u91cd\u7ec4\u5230\u53053)', tls_record_type=23)])</failure></testcase><testcase classname="tests.integration.test_phase2_day12_core_integration.TestPhase2Day12CoreIntegration" name="test_05_config_system_tshark_enhanced_support" time="0.001" /><testcase classname="tests.integration.test_phase2_day12_core_integration.TestPhase2Day12CoreIntegration" name="test_06_event_system_compatibility" time="0.001" /><testcase classname="tests.integration.test_phase1_day7_component_integration.TestPhase1Day7ComponentIntegration" name="test_end_to_end_processing_simulation" time="0.006"><failure message="AssertionError: assert 9 &lt;= 8&#10; +  where 9 = len([MaskRule(packet_number=1, tcp_stream_id='stream_1', tls_record_offset=0, tls_record_length=15, mask_offset=0, mask_length=0, action=&lt;MaskAction.KEEP_ALL: 'keep_all'&gt;, reason='TLS-20 \u534f\u8bae\u5b8c\u5168\u4fdd\u7559\u7b56\u7565', tls_record_type=20), MaskRule(packet_number=2, tcp_stream_id='stream_1', tls_record_offset=0, tls_record_length=20, mask_offset=0, mask_length=0, action=&lt;MaskAction.KEEP_ALL: 'keep_all'&gt;, reason='TLS-21 \u534f\u8bae\u5b8c\u5168\u4fdd\u7559\u7b56\u7565', tls_record_type=21), MaskRule(packet_number=3, tcp_stream_id='stream_1', tls_record_offset=0, tls_record_length=205, mask_offset=0, mask_length=0, action=&lt;MaskAction.KEEP_ALL: 'keep_all'&gt;, reason='TLS-22 \u534f\u8bae\u5b8c\u5168\u4fdd\u7559\u7b56\u7565', tls_record_type=22), MaskRule(packet_number=4, tcp_stream_id='stream_1', tls_record_offset=0, tls_record_length=1005, mask_offset=5, mask_length=1000, action=&lt;MaskAction.MASK_PAYLOAD: 'mask_payload'&gt;, reason='TLS-23 \u667a\u80fd\u63a9\u7801\uff1a\u4fdd\u7559\u5934\u90e8\uff0c\u63a9\u7801\u8f7d\u8377', tls_record_type=23), MaskRule(packet_number=5, tcp_stream_id='stream_1', tls_record_offset=0, tls_record_length=35, mask_offset=0, mask_length=0, action=&lt;MaskAction.KEEP_ALL: 'keep_all'&gt;, reason='TLS-24 \u534f\u8bae\u5b8c\u5168\u4fdd\u7559\u7b56\u7565', tls_record_type=24), MaskRule(packet_number=6, tcp_stream_id='stream_2', tls_record_offset=0, tls_record_length=2005, mask_offset=5, mask_length=2000, action=&lt;MaskAction.MASK_PAYLOAD: 'mask_payload'&gt;, reason='TLS-23 \u8de8\u5305\u91cd\u7ec4\u5305\u63a9\u7801\uff1a\u4fdd\u75595\u5b57\u8282\u5934\u90e8\uff0c\u63a9\u78012000\u5b57\u8282\u8f7d\u8377 (\u8de8\u5305[6, 7])', tls_record_type=23), MaskRule(packet_number=7, tcp_stream_id='stream_2', tls_record_offset=0, tls_record_length=0, mask_offset=0, mask_length=-1, action=&lt;MaskAction.MASK_PAYLOAD: 'mask_payload'&gt;, reason='TLS-23 \u8de8\u5305\u4e2d\u95f4\u6bb5\u63a9\u7801\uff1a\u63a9\u7801\u6574\u4e2a\u8f7d\u8377 (\u5206\u6bb52/2, \u91cd\u7ec4\u5230\u53056)', tls_record_type=23), MaskRule(packet_number=8, tcp_stream_id='stream_3', tls_record_offset=0, tls_record_length=805, mask_offset=5, mask_length=800, action=&lt;MaskAction.MASK_PAYLOAD: 'mask_payload'&gt;, reason='TLS-23 \u667a\u80fd\u63a9\u7801\uff1a\u4fdd\u7559\u5934\u90e8\uff0c\u63a9\u7801\u8f7d\u8377', tls_record_type=23), MaskRule(packet_number=9, tcp_stream_id='stream_3', tls_record_offset=0, tls_record_length=155, mask_offset=0, mask_length=0, action=&lt;MaskAction.KEEP_ALL: 'keep_all'&gt;, reason='TLS-22 \u534f\u8bae\u5b8c\u5168\u4fdd\u7559\u7b56\u7565', tls_record_type=22)])&#10; +  and   8 = len([TLSRecordInfo(packet_number=1, content_type=20, version=(3, 3), length=10, is_complete=True, spans_packets=[1], tcp_stream_id='stream_1', record_offset=0), TLSRecordInfo(packet_number=2, content_type=21, version=(3, 3), length=15, is_complete=True, spans_packets=[2], tcp_stream_id='stream_1', record_offset=0), TLSRecordInfo(packet_number=3, content_type=22, version=(3, 3), length=200, is_complete=True, spans_packets=[3], tcp_stream_id='stream_1', record_offset=0), TLSRecordInfo(packet_number=4, content_type=23, version=(3, 3), length=1000, is_complete=True, spans_packets=[4], tcp_stream_id='stream_1', record_offset=0), TLSRecordInfo(packet_number=5, content_type=24, version=(3, 3), length=30, is_complete=True, spans_packets=[5], tcp_stream_id='stream_1', record_offset=0), TLSRecordInfo(packet_number=6, content_type=23, version=(3, 3), length=2000, is_complete=False, spans_packets=[6, 7], tcp_stream_id='stream_2', record_offset=0), TLSRecordInfo(packet_number=8, content_type=23, version=(3, 3), length=800, is_complete=True, spans_packets=[8], tcp_stream_id='stream_3', record_offset=0), TLSRecordInfo(packet_number=9, content_type=22, version=(3, 3), length=150, is_complete=True, spans_packets=[9], tcp_stream_id='stream_3', record_offset=0)])">tests/integration/test_phase1_day7_component_integration.py:274: in test_end_to_end_processing_simulation
    assert len(mask_rules) &lt;= len(tls_records)  # 规则数不应超过记录数
    ^^^^^^^^^^^^^^^^^^^^^^^^^^^^^^^^^^^^^^^^^^
E   AssertionError: assert 9 &lt;= 8
E    +  where 9 = len([MaskRule(packet_number=1, tcp_stream_id='stream_1', tls_record_offset=0, tls_record_length=15, mask_offset=0, mask_length=0, action=&lt;MaskAction.KEEP_ALL: 'keep_all'&gt;, reason='TLS-20 \u534f\u8bae\u5b8c\u5168\u4fdd\u7559\u7b56\u7565', tls_record_type=20), MaskRule(packet_number=2, tcp_stream_id='stream_1', tls_record_offset=0, tls_record_length=20, mask_offset=0, mask_length=0, action=&lt;MaskAction.KEEP_ALL: 'keep_all'&gt;, reason='TLS-21 \u534f\u8bae\u5b8c\u5168\u4fdd\u7559\u7b56\u7565', tls_record_type=21), MaskRule(packet_number=3, tcp_stream_id='stream_1', tls_record_offset=0, tls_record_length=205, mask_offset=0, mask_length=0, action=&lt;MaskAction.KEEP_ALL: 'keep_all'&gt;, reason='TLS-22 \u534f\u8bae\u5b8c\u5168\u4fdd\u7559\u7b56\u7565', tls_record_type=22), MaskRule(packet_number=4, tcp_stream_id='stream_1', tls_record_offset=0, tls_record_length=1005, mask_offset=5, mask_length=1000, action=&lt;MaskAction.MASK_PAYLOAD: 'mask_payload'&gt;, reason='TLS-23 \u667a\u80fd\u63a9\u7801\uff1a\u4fdd\u7559\u5934\u90e8\uff0c\u63a9\u7801\u8f7d\u8377', tls_record_type=23), MaskRule(packet_number=5, tcp_stream_id='stream_1', tls_record_offset=0, tls_record_length=35, mask_offset=0, mask_length=0, action=&lt;MaskAction.KEEP_ALL: 'keep_all'&gt;, reason='TLS-24 \u534f\u8bae\u5b8c\u5168\u4fdd\u7559\u7b56\u7565', tls_record_type=24), MaskRule(packet_number=6, tcp_stream_id='stream_2', tls_record_offset=0, tls_record_length=2005, mask_offset=5, mask_length=2000, action=&lt;MaskAction.MASK_PAYLOAD: 'mask_payload'&gt;, reason='TLS-23 \u8de8\u5305\u91cd\u7ec4\u5305\u63a9\u7801\uff1a\u4fdd\u75595\u5b57\u8282\u5934\u90e8\uff0c\u63a9\u78012000\u5b57\u8282\u8f7d\u8377 (\u8de8\u5305[6, 7])', tls_record_type=23), MaskRule(packet_number=7, tcp_stream_id='stream_2', tls_record_offset=0, tls_record_length=0, mask_offset=0, mask_length=-1, action=&lt;MaskAction.MASK_PAYLOAD: 'mask_payload'&gt;, reason='TLS-23 \u8de8\u5305\u4e2d\u95f4\u6bb5\u63a9\u7801\uff1a\u63a9\u7801\u6574\u4e2a\u8f7d\u8377 (\u5206\u6bb52/2, \u91cd\u7ec4\u5230\u53056)', tls_record_type=23), MaskRule(packet_number=8, tcp_stream_id='stream_3', tls_record_offset=0, tls_record_length=805, mask_offset=5, mask_length=800, action=&lt;MaskAction.MASK_PAYLOAD: 'mask_payload'&gt;, reason='TLS-23 \u667a\u80fd\u63a9\u7801\uff1a\u4fdd\u7559\u5934\u90e8\uff0c\u63a9\u7801\u8f7d\u8377', tls_record_type=23), MaskRule(packet_number=9, tcp_stream_id='stream_3', tls_record_offset=0, tls_record_length=155, mask_offset=0, mask_length=0, action=&lt;MaskAction.KEEP_ALL: 'keep_all'&gt;, reason='TLS-22 \u534f\u8bae\u5b8c\u5168\u4fdd\u7559\u7b56\u7565', tls_record_type=22)])
E    +  and   8 = len([TLSRecordInfo(packet_number=1, content_type=20, version=(3, 3), length=10, is_complete=True, spans_packets=[1], tcp_stream_id='stream_1', record_offset=0), TLSRecordInfo(packet_number=2, content_type=21, version=(3, 3), length=15, is_complete=True, spans_packets=[2], tcp_stream_id='stream_1', record_offset=0), TLSRecordInfo(packet_number=3, content_type=22, version=(3, 3), length=200, is_complete=True, spans_packets=[3], tcp_stream_id='stream_1', record_offset=0), TLSRecordInfo(packet_number=4, content_type=23, version=(3, 3), length=1000, is_complete=True, spans_packets=[4], tcp_stream_id='stream_1', record_offset=0), TLSRecordInfo(packet_number=5, content_type=24, version=(3, 3), length=30, is_complete=True, spans_packets=[5], tcp_stream_id='stream_1', record_offset=0), TLSRecordInfo(packet_number=6, content_type=23, version=(3, 3), length=2000, is_complete=False, spans_packets=[6, 7], tcp_stream_id='stream_2', record_offset=0), TLSRecordInfo(packet_number=8, content_type=23, version=(3, 3), length=800, is_complete=True, spans_packets=[8], tcp_stream_id='stream_3', record_offset=0), TLSRecordInfo(packet_number=9, content_type=22, version=(3, 3), length=150, is_complete=True, spans_packets=[9], tcp_stream_id='stream_3', record_offset=0)])</failure></testcase><testcase classname="tests.unit.test_enhanced_trim_core_models.TestMaskSpec" name="test_mask_range_boundary" time="0.001" /><testcase classname="tests.integration.test_phase2_day12_core_integration.TestPhase2Day12CoreIntegration" name="test_07_processor_interface_compatibility" time="0.002"><failure message="FileNotFoundError: 输入文件不存在: test.pcap">tests/integration/test_phase2_day12_core_integration.py:338: in test_07_processor_interface_compatibility
    result = processor.process_file("test.pcap", "output.pcap")
             ^^^^^^^^^^^^^^^^^^^^^^^^^^^^^^^^^^^^^^^^^^^^^^^^^^
src/pktmask/core/processors/tshark_enhanced_mask_processor.py:761: in process_file
    self.validate_inputs(input_path, output_path)
src/pktmask/core/processors/base_processor.py:92: in validate_inputs
    raise FileNotFoundError(f"输入文件不存在: {input_path}")
E   FileNotFoundError: 输入文件不存在: test.pcap</failure></testcase><testcase classname="tests.unit.test_enhanced_trim_core_models.TestMaskSpec" name="test_mask_range_invalid_params" time="0.000" /><testcase classname="tests.unit.test_enhanced_trim_core_models.TestMaskSpec" name="test_mask_spec_factory_functions" time="0.000" /><testcase classname="tests.unit.test_enhanced_trim_core_models.TestStreamMaskTable" name="test_add_entry_basic" time="0.000" /><testcase classname="tests.unit.test_enhanced_trim_core_models.TestStreamMaskTable" name="test_add_mask_range_convenience" time="0.000" /><testcase classname="tests.unit.test_enhanced_trim_core_models.TestStreamMaskTable" name="test_export_to_dict" time="0.001" /><testcase classname="tests.unit.test_enhanced_trim_core_models.TestStreamMaskTable" name="test_finalize_and_merge" time="0.002" /><testcase classname="tests.integration.test_phase2_day12_core_integration" name="test_day12_core_integration_summary" time="0.001" /><testcase classname="tests.unit.test_enhanced_trim_core_models.TestStreamMaskTable" name="test_invalid_entry" time="0.074" /><testcase classname="tests.integration.test_phase1_day7_component_integration.TestPhase1Day7ComponentIntegration" name="test_error_handling_integration" time="0.003"><failure message="AssertionError: assert &lt;MaskAction.MASK_PAYLOAD: 'mask_payload'&gt; == &lt;MaskAction.KEEP_ALL: 'keep_all'&gt;&#10; +  where &lt;MaskAction.MASK_PAYLOAD: 'mask_payload'&gt; = MaskRule(packet_number=1, tcp_stream_id='test_stream', tls_record_offset=0, tls_record_length=6, mask_offset=5, mask_length=1, action=&lt;MaskAction.MASK_PAYLOAD: 'mask_payload'&gt;, reason='TLS-23 \u667a\u80fd\u63a9\u7801\uff1a\u4fdd\u7559\u5934\u90e8\uff0c\u63a9\u7801\u8f7d\u8377', tls_record_type=23).action&#10; +  and   &lt;MaskAction.KEEP_ALL: 'keep_all'&gt; = MaskAction.KEEP_ALL">tests/integration/test_phase1_day7_component_integration.py:308: in test_error_handling_integration
    assert boundary_rules[0].action == MaskAction.KEEP_ALL  # 小于头部长度，完全保留
    ^^^^^^^^^^^^^^^^^^^^^^^^^^^^^^^^^^^^^^^^^^^^^^^^^^^^^^
E   AssertionError: assert &lt;MaskAction.MASK_PAYLOAD: 'mask_payload'&gt; == &lt;MaskAction.KEEP_ALL: 'keep_all'&gt;
E    +  where &lt;MaskAction.MASK_PAYLOAD: 'mask_payload'&gt; = MaskRule(packet_number=1, tcp_stream_id='test_stream', tls_record_offset=0, tls_record_length=6, mask_offset=5, mask_length=1, action=&lt;MaskAction.MASK_PAYLOAD: 'mask_payload'&gt;, reason='TLS-23 \u667a\u80fd\u63a9\u7801\uff1a\u4fdd\u7559\u5934\u90e8\uff0c\u63a9\u7801\u8f7d\u8377', tls_record_type=23).action
E    +  and   &lt;MaskAction.KEEP_ALL: 'keep_all'&gt; = MaskAction.KEEP_ALL</failure></testcase><testcase classname="tests.unit.test_enhanced_trim_core_models.TestStreamMaskTable" name="test_lookup_basic" time="0.001" /><testcase classname="tests.unit.test_enhanced_trim_core_models.TestStreamMaskTable" name="test_lookup_multiple" time="0.003" /><testcase classname="tests.unit.test_enhanced_trim_core_models.TestStreamMaskTable" name="test_statistics" time="0.001" /><testcase classname="tests.integration.test_phase2_day12_gui_integration.TestPhase2Day12GUIIntegration" name="test_01_gui_initialization_with_enhanced_processor" time="0.015"><error message="failed on setup with &quot;TypeError: ProcessorResult.__init__() got an unexpected keyword argument 'input_file'&quot;">tests/integration/test_phase2_day12_gui_integration.py:104: in mock_enhanced_processor
    processor.process_file.return_value = ProcessorResult(
E   TypeError: ProcessorResult.__init__() got an unexpected keyword argument 'input_file'</error></testcase><testcase classname="tests.unit.test_enhanced_trim_core_models.TestTrimmerConfig" name="test_config_to_dict" time="0.000" /><testcase classname="tests.unit.test_enhanced_trim_core_models.TestTrimmerConfig" name="test_config_validation" time="0.000" /><testcase classname="tests.unit.test_enhanced_trim_core_models.TestTrimmerConfig" name="test_default_config" time="0.001" /><testcase classname="tests.unit.test_enhanced_trim_core_models.TestExecutionResult" name="test_basic_lifecycle" time="0.002" /><testcase classname="tests.integration.test_phase2_day12_gui_integration.TestPhase2Day12GUIIntegration" name="test_02_pipeline_config_building" time="0.001"><error message="failed on setup with &quot;TypeError: ProcessorResult.__init__() got an unexpected keyword argument 'input_file'&quot;">tests/integration/test_phase2_day12_gui_integration.py:104: in mock_enhanced_processor
    processor.process_file.return_value = ProcessorResult(
E   TypeError: ProcessorResult.__init__() got an unexpected keyword argument 'input_file'</error></testcase><testcase classname="tests.unit.test_enhanced_trim_core_models.TestExecutionResult" name="test_error_and_warning_handling" time="0.001" /><testcase classname="tests.unit.test_enhanced_trim_core_models.TestExecutionResult" name="test_failed_execution" time="0.001" /><testcase classname="tests.unit.test_enhanced_trim_core_models.TestExecutionResult" name="test_stage_lifecycle" time="0.002" /><testcase classname="tests.unit.test_enhanced_trim_core_models.TestExecutionResult" name="test_stage_management" time="0.000" /><testcase classname="tests.unit.test_enhanced_trim_core_models.TestExecutionResult" name="test_summary_and_report" time="0.000" /><testcase classname="tests.integration.test_phase1_day7_component_integration.TestPhase1Day7ComponentIntegration" name="test_boundary_conditions_integration" time="0.008"><failure message="AssertionError: assert &lt;MaskAction.MASK_PAYLOAD: 'mask_payload'&gt; == &lt;MaskAction.KEEP_ALL: 'keep_all'&gt;&#10; +  where &lt;MaskAction.MASK_PAYLOAD: 'mask_payload'&gt; = MaskRule(packet_number=1, tcp_stream_id='stream_1', tls_record_offset=0, tls_record_length=10, mask_offset=5, mask_length=5, action=&lt;MaskAction.MASK_PAYLOAD: 'mask_payload'&gt;, reason='TLS-23 \u667a\u80fd\u63a9\u7801\uff1a\u4fdd\u7559\u5934\u90e8\uff0c\u63a9\u7801\u8f7d\u8377', tls_record_type=23).action&#10; +  and   &lt;MaskAction.KEEP_ALL: 'keep_all'&gt; = MaskAction.KEEP_ALL">tests/integration/test_phase1_day7_component_integration.py:385: in test_boundary_conditions_integration
    assert min_rule.action == MaskAction.KEEP_ALL  # 刚好等于头部长度，完全保留
    ^^^^^^^^^^^^^^^^^^^^^^^^^^^^^^^^^^^^^^^^^^^^^
E   AssertionError: assert &lt;MaskAction.MASK_PAYLOAD: 'mask_payload'&gt; == &lt;MaskAction.KEEP_ALL: 'keep_all'&gt;
E    +  where &lt;MaskAction.MASK_PAYLOAD: 'mask_payload'&gt; = MaskRule(packet_number=1, tcp_stream_id='stream_1', tls_record_offset=0, tls_record_length=10, mask_offset=5, mask_length=5, action=&lt;MaskAction.MASK_PAYLOAD: 'mask_payload'&gt;, reason='TLS-23 \u667a\u80fd\u63a9\u7801\uff1a\u4fdd\u7559\u5934\u90e8\uff0c\u63a9\u7801\u8f7d\u8377', tls_record_type=23).action
E    +  and   &lt;MaskAction.KEEP_ALL: 'keep_all'&gt; = MaskAction.KEEP_ALL</failure></testcase><testcase classname="tests.integration.test_enhanced_mask_stage_integration.TestMaskStageCompatibility" name="test_integration_with_existing_pipeline_events" time="0.002"><failure message="scapy.error.Scapy_Exception: No data could be read!">src/pktmask/core/pipeline/stages/mask_payload/stage.py:327: in _process_with_enhanced_mode
    return StageStats(
E   pydantic_core._pydantic_core.ValidationError: 2 validation errors for StageStats
E   packets_processed
E     Input should be a valid integer [type=int_type, input_value=&lt;Mock name='mock.execute_....get()' id='4677889936'&gt;, input_type=Mock]
E       For further information visit https://errors.pydantic.dev/2.11/v/int_type
E   packets_modified
E     Input should be a valid integer [type=int_type, input_value=&lt;Mock name='mock.execute_....get()' id='4677889936'&gt;, input_type=Mock]
E       For further information visit https://errors.pydantic.dev/2.11/v/int_type

During handling of the above exception, another exception occurred:
tests/integration/test_enhanced_mask_stage_integration.py:388: in test_integration_with_existing_pipeline_events
    result = stage.process_file(input_file.name, output_file.name)
             ^^^^^^^^^^^^^^^^^^^^^^^^^^^^^^^^^^^^^^^^^^^^^^^^^^^^^
src/pktmask/core/pipeline/stages/mask_payload/stage.py:259: in process_file
    return self._process_with_enhanced_mode(input_path, output_path)
           ^^^^^^^^^^^^^^^^^^^^^^^^^^^^^^^^^^^^^^^^^^^^^^^^^^^^^^^^^
src/pktmask/core/pipeline/stages/mask_payload/stage.py:349: in _process_with_enhanced_mode
    return self._process_with_basic_mode_fallback(input_path, output_path, duration_ms, str(e))
           ^^^^^^^^^^^^^^^^^^^^^^^^^^^^^^^^^^^^^^^^^^^^^^^^^^^^^^^^^^^^^^^^^^^^^^^^^^^^^^^^^^^^
src/pktmask/core/pipeline/stages/mask_payload/stage.py:405: in _process_with_basic_mode_fallback
    packets: List[Packet] = rdpcap(str(input_path))
                            ^^^^^^^^^^^^^^^^^^^^^^^
.venv/lib/python3.13/site-packages/scapy/utils.py:1345: in rdpcap
    with PcapReader(filename) as fdesc:  # type: ignore
         ^^^^^^^^^^^^^^^^^^^^
.venv/lib/python3.13/site-packages/scapy/utils.py:1387: in __call__
    raise Scapy_Exception(
E   scapy.error.Scapy_Exception: No data could be read!</failure></testcase><testcase classname="tests.unit.test_fallback.TestFallbackRobustness" name="test_fallback_configuration" time="0.027" /><testcase classname="tests.integration.test_phase2_day12_gui_integration.TestPhase2Day12GUIIntegration" name="test_03_enhanced_processor_gui_workflow_integration" time="0.002"><error message="failed on setup with &quot;TypeError: ProcessorResult.__init__() got an unexpected keyword argument 'input_file'&quot;">tests/integration/test_phase2_day12_gui_integration.py:104: in mock_enhanced_processor
    processor.process_file.return_value = ProcessorResult(
E   TypeError: ProcessorResult.__init__() got an unexpected keyword argument 'input_file'</error></testcase><testcase classname="tests.integration.test_phase1_day7_component_integration.TestPhase1Day7ComponentIntegration" name="test_protocol_type_coverage_integration" time="0.004"><failure message="AssertionError: assert 50 == 45&#10; +  where 50 = MaskRule(packet_number=4, tcp_stream_id='stream_1', tls_record_offset=0, tls_record_length=55, mask_offset=5, mask_length=50, action=&lt;MaskAction.MASK_PAYLOAD: 'mask_payload'&gt;, reason='TLS-23 \u667a\u80fd\u63a9\u7801\uff1a\u4fdd\u7559\u5934\u90e8\uff0c\u63a9\u7801\u8f7d\u8377', tls_record_type=23).mask_length">tests/integration/test_phase1_day7_component_integration.py:457: in test_protocol_type_coverage_integration
    assert tls_23_rule.mask_length == 45  # 50-5
    ^^^^^^^^^^^^^^^^^^^^^^^^^^^^^^^^^^^^
E   AssertionError: assert 50 == 45
E    +  where 50 = MaskRule(packet_number=4, tcp_stream_id='stream_1', tls_record_offset=0, tls_record_length=55, mask_offset=5, mask_length=50, action=&lt;MaskAction.MASK_PAYLOAD: 'mask_payload'&gt;, reason='TLS-23 \u667a\u80fd\u63a9\u7801\uff1a\u4fdd\u7559\u5934\u90e8\uff0c\u63a9\u7801\u8f7d\u8377', tls_record_type=23).mask_length</failure></testcase><testcase classname="tests.unit.test_fallback.TestFallbackRobustness" name="test_tshark_unavailable" time="0.007" /><testcase classname="tests.integration.test_phase1_day7_component_integration.TestPhase1Day7Acceptance" name="test_phase1_day7_acceptance_criteria" time="0.013" /><testcase classname="tests.unit.test_fallback.TestFallbackRobustness" name="test_fallback_mode_determination" time="0.001"><failure message="AssertionError: assert &lt;FallbackMode.ENHANCED_TRIMMER: 'enhanced_trimmer'&gt; == &lt;FallbackMode.MASK_STAGE: 'mask_stage'&gt;&#10; +  where &lt;FallbackMode.MASK_STAGE: 'mask_stage'&gt; = FallbackMode.MASK_STAGE">tests/unit/test_fallback.py:61: in test_fallback_mode_determination
    assert mode == FallbackMode.MASK_STAGE
E   AssertionError: assert &lt;FallbackMode.ENHANCED_TRIMMER: 'enhanced_trimmer'&gt; == &lt;FallbackMode.MASK_STAGE: 'mask_stage'&gt;
E    +  where &lt;FallbackMode.MASK_STAGE: 'mask_stage'&gt; = FallbackMode.MASK_STAGE</failure></testcase><testcase classname="tests.integration.test_phase2_day12_gui_integration.TestPhase2Day12GUIIntegration" name="test_04_gui_error_handling_with_fallback" time="0.002"><error message="failed on setup with &quot;TypeError: ProcessorResult.__init__() got an unexpected keyword argument 'input_file'&quot;">tests/integration/test_phase2_day12_gui_integration.py:104: in mock_enhanced_processor
    processor.process_file.return_value = ProcessorResult(
E   TypeError: ProcessorResult.__init__() got an unexpected keyword argument 'input_file'</error></testcase><testcase classname="tests.unit.test_fallback.TestFallbackRobustness" name="test_enhanced_trimmer_fallback" time="0.002" /><testcase classname="tests.unit.test_fallback.TestFallbackRobustness" name="test_mask_stage_fallback" time="0.004" /><testcase classname="tests.unit.test_fallback.TestFallbackRobustness" name="test_comprehensive_robustness" time="1.865"><failure message="AssertionError: 健壮性验证未达到100%: 60.0%&#10;assert 60.0 == 100.0">tests/unit/test_fallback.py:154: in test_comprehensive_robustness
    assert robustness_rate == 100.0, f"健壮性验证未达到100%: {robustness_rate}%"
E   AssertionError: 健壮性验证未达到100%: 60.0%
E   assert 60.0 == 100.0</failure></testcase><testcase classname="tests.integration.test_phase1_integration_fixed.TestPhase1Integration" name="test_data_structures_compatibility" time="0.003" /><testcase classname="tests.integration.test_phase1_integration_fixed.TestPhase1Integration" name="test_multi_stage_executor_basic_functionality" time="0.004" /><testcase classname="tests.integration.test_phase2_day12_gui_integration.TestPhase2Day12GUIIntegration" name="test_05_gui_component_state_preservation" time="0.005"><error message="failed on setup with &quot;TypeError: ProcessorResult.__init__() got an unexpected keyword argument 'input_file'&quot;">tests/integration/test_phase2_day12_gui_integration.py:104: in mock_enhanced_processor
    processor.process_file.return_value = ProcessorResult(
E   TypeError: ProcessorResult.__init__() got an unexpected keyword argument 'input_file'</error></testcase><testcase classname="tests.integration.test_phase1_integration_fixed.TestPhase1Integration" name="test_event_system_integration" time="0.002" /><testcase classname="tests.integration.test_phase2_day12_gui_integration.TestPhase2Day12GUIIntegration" name="test_06_enhanced_processor_config_access" time="0.001" /><testcase classname="tests.integration.test_phase1_integration_fixed.TestPhase1Integration" name="test_error_handling_integration" time="0.002" /><testcase classname="tests.integration.test_phase1_integration_fixed.TestPhase1Integration" name="test_processor_registry_extensibility" time="0.002" /><testcase classname="tests.integration.test_phase1_integration_fixed.TestPhase1Integration" name="test_configuration_compatibility" time="0.005" /><testcase classname="tests.integration.test_phase1_integration_fixed.TestPhase1Integration" name="test_resource_management" time="0.003" /><testcase classname="tests.integration.test_phase1_integration_fixed.TestPhase1Integration" name="test_performance_baseline" time="0.002" /><testcase classname="tests.integration.test_phase2_day12_gui_integration.TestPhase2Day12GUIIntegration" name="test_07_gui_progress_event_handling" time="0.002"><error message="failed on setup with &quot;TypeError: ProcessorResult.__init__() got an unexpected keyword argument 'input_file'&quot;">tests/integration/test_phase2_day12_gui_integration.py:104: in mock_enhanced_processor
    processor.process_file.return_value = ProcessorResult(
E   TypeError: ProcessorResult.__init__() got an unexpected keyword argument 'input_file'</error></testcase><testcase classname="tests.integration.test_phase2_1_integration.TestTSharkPreprocessorIntegration" name="test_config_system_integration" time="0.001" /><testcase classname="tests.integration.test_phase2_day12_gui_integration" name="test_day12_gui_integration_summary" time="0.001" /><testcase classname="tests.integration.test_phase2_1_integration.TestTSharkPreprocessorIntegration" name="test_multi_stage_executor_integration" time="0.002" /><testcase classname="tests.integration.test_phase2_1_integration.TestTSharkPreprocessorIntegration" name="test_initialization_integration" time="0.004" /><testcase classname="tests.integration.test_phase2_1_integration.TestTSharkPreprocessorIntegration" name="test_stage_context_integration" time="0.006" /><testcase classname="tests.integration.test_phase2_day12_gui_integration_mock.TestPhase2Day12GUIIntegrationMock" name="test_01_pipeline_manager_config_building_integration" time="0.005"><failure message="AttributeError: &lt;module 'pktmask.core.processors.registry' from '/Users/ricky/Downloads/PktMask/src/pktmask/core/processors/registry.py'&gt; does not have the attribute 'get_processor'">tests/integration/test_phase2_day12_gui_integration_mock.py:110: in test_01_pipeline_manager_config_building_integration
    with patch('pktmask.core.processors.registry.get_processor') as mock_get_processor:
         ^^^^^^^^^^^^^^^^^^^^^^^^^^^^^^^^^^^^^^^^^^^^^^^^^^^^^^^
/opt/homebrew/Cellar/python@3.13/3.13.3/Frameworks/Python.framework/Versions/3.13/lib/python3.13/unittest/mock.py:1497: in __enter__
    original, local = self.get_original()
                      ^^^^^^^^^^^^^^^^^^^
/opt/homebrew/Cellar/python@3.13/3.13.3/Frameworks/Python.framework/Versions/3.13/lib/python3.13/unittest/mock.py:1467: in get_original
    raise AttributeError(
[...]
rame': 1770, 'path': 'eth:ethertype:vlan:ethertype:ip:tcp:tls', 'lengths': [1178], 'zero_bytes': 1178, 'num_records': 1, 'protocol_types': None}, {'frame': 1783, 'path': 'eth:ethertype:vlan:ethertype:ip:tcp:tls', 'lengths': [1169], 'zero_bytes': 1169, 'num_records': 1, 'protocol_types': None}, {'frame': 1798, 'path': 'eth:ethertype:vlan:ethertype:ip:tcp:tls', 'lengths': [1013], 'zero_bytes': 1013, 'num_records': 1, 'protocol_types': None}, {'frame': 1812, 'path': 'eth:ethertype:vlan:ethertype:ip:tcp:tls', 'lengths': [1178], 'zero_bytes': 1178, 'num_records': 1, 'protocol_types': None}, {'frame': 1825, 'path': 'eth:ethertype:vlan:ethertype:ip:tcp:tls', 'lengths': [1178], 'zero_bytes': 1178, 'num_records': 1, 'protocol_types': None}, {'frame': 1862, 'path': 'eth:ethertype:vlan:ethertype:ip:tcp:tls', 'lengths': [172], 'zero_bytes': 172, 'num_records': 1, 'protocol_types': None}, {'frame': 1864, 'path': 'eth:ethertype:vlan:ethertype:ip:tcp:tls', 'lengths': [1444], 'zero_bytes': 1444, 'num_records': 1, 'protocol_types': None}, {'frame': 1865, 'path': 'eth:ethertype:vlan:ethertype:ip:tcp:tls', 'lengths': [289], 'zero_bytes': 289, 'num_records': 1, 'protocol_types': None}, {'frame': 1867, 'path': 'eth:ethertype:vlan:ethertype:ip:tcp:tls', 'lengths': [33], 'zero_bytes': 33, 'num_records': 1, 'protocol_types': None}, {'frame': 1869, 'path': 'eth:ethertype:vlan:ethertype:ip:tcp:tls', 'lengths': [124], 'zero_bytes': 124, 'num_records': 1, 'protocol_types': None}, {'frame': 1870, 'path': 'eth:ethertype:vlan:ethertype:ip:tcp:tls', 'lengths': [504], 'zero_bytes': 504, 'num_records': 1, 'protocol_types': None}, {'frame': 1872, 'path': 'eth:ethertype:vlan:ethertype:ip:tcp:tls', 'lengths': [121], 'zero_bytes': 121, 'num_records': 1, 'protocol_types': None}, {'frame': 1874, 'path': 'eth:ethertype:vlan:ethertype:ip:tcp:tls', 'lengths': [480], 'zero_bytes': 480, 'num_records': 1, 'protocol_types': None}, {'frame': 1875, 'path': 'eth:ethertype:vlan:ethertype:ip:tcp:tls', 'lengths': [121], 'zero_bytes': 121, 'num_records': 1, 'protocol_types': None}, {'frame': 1882, 'path': 'eth:ethertype:vlan:ethertype:ip:tcp:tls', 'lengths': [549], 'zero_bytes': 549, 'num_records': 1, 'protocol_types': None}, {'frame': 1883, 'path': 'eth:ethertype:vlan:ethertype:ip:tcp:tls', 'lengths': [66], 'zero_bytes': 66, 'num_records': 1, 'protocol_types': None}, {'frame': 1884, 'path': 'eth:ethertype:vlan:ethertype:ip:tcp:tls', 'lengths': [65], 'zero_bytes': 65, 'num_records': 1, 'protocol_types': None}, {'frame': 1885, 'path': 'eth:ethertype:vlan:ethertype:ip:tcp:tls', 'lengths': [121], 'zero_bytes': 121, 'num_records': 1, 'protocol_types': None}, {'frame': 1886, 'path': 'eth:ethertype:vlan:ethertype:ip:tcp:tls', 'lengths': [428], 'zero_bytes': 428, 'num_records': 1, 'protocol_types': None}, {'frame': 1914, 'path': 'eth:ethertype:vlan:ethertype:ip:tcp:tls', 'lengths': [1439], 'zero_bytes': 1439, 'num_records': 1, 'protocol_types': None}, {'frame': 1915, 'path': 'eth:ethertype:vlan:ethertype:ip:tcp:tls', 'lengths': [152], 'zero_bytes': 152, 'num_records': 1, 'protocol_types': None}, {'frame': 1916, 'path': 'eth:ethertype:vlan:ethertype:ip:tcp:tls', 'lengths': [86], 'zero_bytes': 86, 'num_records': 1, 'protocol_types': None}, {'frame': 1918, 'path': 'eth:ethertype:vlan:ethertype:ip:tcp:tls', 'lengths': [143], 'zero_bytes': 143, 'num_records': 1, 'protocol_types': None}, {'frame': 1920, 'path': 'eth:ethertype:vlan:ethertype:ip:tcp:tls', 'lengths': [300], 'zero_bytes': 300, 'num_records': 1, 'protocol_types': None}, {'frame': 1932, 'path': 'eth:ethertype:vlan:ethertype:ip:tcp:tls', 'lengths': [1367], 'zero_bytes': 1367, 'num_records': 1, 'protocol_types': None}, {'frame': 1934, 'path': 'eth:ethertype:vlan:ethertype:ip:tcp:tls', 'lengths': [930], 'zero_bytes': 930, 'num_records': 1, 'protocol_types': None}, {'frame': 1935, 'path': 'eth:ethertype:vlan:ethertype:ip:tcp:tls', 'lengths': [224], 'zero_bytes': 224, 'num_records': 1, 'protocol_types': None}, {'frame': 1936, 'path': 'eth:ethertype:vlan:ethertype:ip:tcp:tls', 'lengths': [373], 'zero_bytes': 373, 'num_records': 1, 'protocol_types': None}, {'frame': 1937, 'path': 'eth:ethertype:vlan:ethertype:ip:tcp:tls', 'lengths': [268], 'zero_bytes': 268, 'num_records': 1, 'protocol_types': None}, {'frame': 1938, 'path': 'eth:ethertype:vlan:ethertype:ip:tcp:tls', 'lengths': [870], 'zero_bytes': 870, 'num_records': 1, 'protocol_types': None}, {'frame': 1940, 'path': 'eth:ethertype:vlan:ethertype:ip:tcp:tls', 'lengths': [122], 'zero_bytes': 122, 'num_records': 1, 'protocol_types': None}, {'frame': 1944, 'path': 'eth:ethertype:vlan:ethertype:ip:tcp:tls', 'lengths': [142], 'zero_bytes': 142, 'num_records': 1, 'protocol_types': None}, {'frame': 1945, 'path': 'eth:ethertype:vlan:ethertype:ip:tcp:tls', 'lengths': [92], 'zero_bytes': 92, 'num_records': 1, 'protocol_types': None}, {'frame': 1946, 'path': 'eth:ethertype:vlan:ethertype:ip:tcp:tls', 'lengths': [137], 'zero_bytes': 137, 'num_records': 1, 'protocol_types': None}, {'frame': 1949, 'path': 'eth:ethertype:vlan:ethertype:ip:tcp:tls', 'lengths': [276], 'zero_bytes': 276, 'num_records': 1, 'protocol_types': None}, {'frame': 1962, 'path': 'eth:ethertype:vlan:ethertype:ip:tcp:tls', 'lengths': [1367], 'zero_bytes': 1367, 'num_records': 1, 'protocol_types': None}, {'frame': 1963, 'path': 'eth:ethertype:vlan:ethertype:ip:tcp:tls', 'lengths': [930], 'zero_bytes': 930, 'num_records': 1, 'protocol_types': None}, {'frame': 1964, 'path': 'eth:ethertype:vlan:ethertype:ip:tcp:tls', 'lengths': [292], 'zero_bytes': 292, 'num_records': 1, 'protocol_types': None}, {'frame': 1965, 'path': 'eth:ethertype:vlan:ethertype:ip:tcp:tls', 'lengths': [373], 'zero_bytes': 373, 'num_records': 1, 'protocol_types': None}, {'frame': 1966, 'path': 'eth:ethertype:vlan:ethertype:ip:tcp:tls', 'lengths': [268], 'zero_bytes': 268, 'num_records': 1, 'protocol_types': None}, {'frame': 1967, 'path': 'eth:ethertype:vlan:ethertype:ip:tcp:tls', 'lengths': [915], 'zero_bytes': 915, 'num_records': 1, 'protocol_types': None}, {'frame': 1969, 'path': 'eth:ethertype:vlan:ethertype:ip:tcp:tls', 'lengths': [122], 'zero_bytes': 122, 'num_records': 1, 'protocol_types': None}, {'frame': 1972, 'path': 'eth:ethertype:vlan:ethertype:ip:tcp:tls', 'lengths': [142], 'zero_bytes': 142, 'num_records': 1, 'protocol_types': None}, {'frame': 1973, 'path': 'eth:ethertype:vlan:ethertype:ip:tcp:tls', 'lengths': [92], 'zero_bytes': 92, 'num_records': 1, 'protocol_types': None}, {'frame': 1975, 'path': 'eth:ethertype:vlan:ethertype:ip:tcp:tls', 'lengths': [137], 'zero_bytes': 137, 'num_records': 1, 'protocol_types': None}, {'frame': 1977, 'path': 'eth:ethertype:vlan:ethertype:ip:tcp:tls', 'lengths': [299], 'zero_bytes': 299, 'num_records': 1, 'protocol_types': None}, {'frame': 1990, 'path': 'eth:ethertype:vlan:ethertype:ip:tcp:tls', 'lengths': [1367], 'zero_bytes': 1367, 'num_records': 1, 'protocol_types': None}, {'frame': 1991, 'path': 'eth:ethertype:vlan:ethertype:ip:tcp:tls', 'lengths': [930], 'zero_bytes': 930, 'num_records': 1, 'protocol_types': None}, {'frame': 1992, 'path': 'eth:ethertype:vlan:ethertype:ip:tcp:tls', 'lengths': [292], 'zero_bytes': 292, 'num_records': 1, 'protocol_types': None}, {'frame': 1993, 'path': 'eth:ethertype:vlan:ethertype:ip:tcp:tls', 'lengths': [373], 'zero_bytes': 373, 'num_records': 1, 'protocol_types': None}, {'frame': 1994, 'path': 'eth:ethertype:vlan:ethertype:ip:tcp:tls', 'lengths': [268], 'zero_bytes': 268, 'num_records': 1, 'protocol_types': None}, {'frame': 1995, 'path': 'eth:ethertype:vlan:ethertype:ip:tcp:tls', 'lengths': [915], 'zero_bytes': 915, 'num_records': 1, 'protocol_types': None}, {'frame': 1997, 'path': 'eth:ethertype:vlan:ethertype:ip:tcp:tls', 'lengths': [122], 'zero_bytes': 122, 'num_records': 1, 'protocol_types': None}, {'frame': 2001, 'path': 'eth:ethertype:vlan:ethertype:ip:tcp:tls', 'lengths': [142], 'zero_bytes': 142, 'num_records': 1, 'protocol_types': None}, {'frame': 2002, 'path': 'eth:ethertype:vlan:ethertype:ip:tcp:tls', 'lengths': [92], 'zero_bytes': 92, 'num_records': 1, 'protocol_types': None}, {'frame': 2003, 'path': 'eth:ethertype:vlan:ethertype:ip:tcp:tls', 'lengths': [137], 'zero_bytes': 137, 'num_records': 1, 'protocol_types': None}, {'frame': 2006, 'path': 'eth:ethertype:vlan:ethertype:ip:tcp:tls', 'lengths': [300], 'zero_bytes': 300, 'num_records': 1, 'protocol_types': None}, {'frame': 2019, 'path': 'eth:ethertype:vlan:ethertype:ip:tcp:tls', 'lengths': [1367], 'zero_bytes': 1367, 'num_records': 1, 'protocol_types': None}, {'frame': 2020, 'path': 'eth:ethertype:vlan:ethertype:ip:tcp:tls', 'lengths': [930], 'zero_bytes': 930, 'num_records': 1, 'protocol_types': None}, {'frame': 2021, 'path': 'eth:ethertype:vlan:ethertype:ip:tcp:tls', 'lengths': [292], 'zero_bytes': 292, 'num_records': 1, 'protocol_types': None}, {'frame': 2022, 'path': 'eth:ethertype:vlan:ethertype:ip:tcp:tls', 'lengths': [373], 'zero_bytes': 373, 'num_records': 1, 'protocol_types': None}, {'frame': 2023, 'path': 'eth:ethertype:vlan:ethertype:ip:tcp:tls', 'lengths': [268], 'zero_bytes': 268, 'num_records': 1, 'protocol_types': None}, {'frame': 2024, 'path': 'eth:ethertype:vlan:ethertype:ip:tcp:tls', 'lengths': [915], 'zero_bytes': 915, 'num_records': 1, 'protocol_types': None}, {'frame': 2026, 'path': 'eth:ethertype:vlan:ethertype:ip:tcp:tls', 'lengths': [122], 'zero_bytes': 122, 'num_records': 1, 'protocol_types': None}, {'frame': 2029, 'path': 'eth:ethertype:vlan:ethertype:ip:tcp:tls', 'lengths': [142], 'zero_bytes': 142, 'num_records': 1, 'protocol_types': None}, {'frame': 2030, 'path': 'eth:ethertype:vlan:ethertype:ip:tcp:tls', 'lengths': [92], 'zero_bytes': 92, 'num_records': 1, 'protocol_types': None}, {'frame': 2032, 'path': 'eth:ethertype:vlan:ethertype:ip:tcp:tls', 'lengths': [137], 'zero_bytes': 137, 'num_records': 1, 'protocol_types': None}, {'frame': 2034, 'path': 'eth:ethertype:vlan:ethertype:ip:tcp:tls', 'lengths': [275], 'zero_bytes': 275, 'num_records': 1, 'protocol_types': None}, {'frame': 2047, 'path': 'eth:ethertype:vlan:ethertype:ip:tcp:tls', 'lengths': [1367], 'zero_bytes': 1367, 'num_records': 1, 'protocol_types': None}, {'frame': 2048, 'path': 'eth:ethertype:vlan:ethertype:ip:tcp:tls', 'lengths': [930], 'zero_bytes': 930, 'num_records': 1, 'protocol_types': None}, {'frame': 2049, 'path': 'eth:ethertype:vlan:ethertype:ip:tcp:tls', 'lengths': [292], 'zero_bytes': 292, 'num_records': 1, 'protocol_types': None}, {'frame': 2050, 'path': 'eth:ethertype:vlan:ethertype:ip:tcp:tls', 'lengths': [373], 'zero_bytes': 373, 'num_records': 1, 'protocol_types': None}, {'frame': 2051, 'path': 'eth:ethertype:vlan:ethertype:ip:tcp:tls', 'lengths': [268], 'zero_bytes': 268, 'num_records': 1, 'protocol_types': None}, {'frame': 2052, 'path': 'eth:ethertype:vlan:ethertype:ip:tcp:tls', 'lengths': [439], 'zero_bytes': 439, 'num_records': 1, 'protocol_types': None}, {'frame': 2054, 'path': 'eth:ethertype:vlan:ethertype:ip:tcp:tls', 'lengths': [122], 'zero_bytes': 122, 'num_records': 1, 'protocol_types': None}, {'frame': 2057, 'path': 'eth:ethertype:vlan:ethertype:ip:tcp:tls', 'lengths': [142], 'zero_bytes': 142, 'num_records': 1, 'protocol_types': None}, {'frame': 2058, 'path': 'eth:ethertype:vlan:ethertype:ip:tcp:tls', 'lengths': [92], 'zero_bytes': 92, 'num_records': 1, 'protocol_types': None}, {'frame': 2060, 'path': 'eth:ethertype:vlan:ethertype:ip:tcp:tls', 'lengths': [137], 'zero_bytes': 137, 'num_records': 1, 'protocol_types': None}, {'frame': 2062, 'path': 'eth:ethertype:vlan:ethertype:ip:tcp:tls', 'lengths': [300], 'zero_bytes': 300, 'num_records': 1, 'protocol_types': None}, {'frame': 2075, 'path': 'eth:ethertype:vlan:ethertype:ip:tcp:tls', 'lengths': [1367], 'zero_bytes': 1367, 'num_records': 1, 'protocol_types': None}, {'frame': 2076, 'path': 'eth:ethertype:vlan:ethertype:ip:tcp:tls', 'lengths': [930], 'zero_bytes': 930, 'num_records': 1, 'protocol_types': None}, {'frame': 2077, 'path': 'eth:ethertype:vlan:ethertype:ip:tcp:tls', 'lengths': [292], 'zero_bytes': 292, 'num_records': 1, 'protocol_types': None}, {'frame': 2078, 'path': 'eth:ethertype:vlan:ethertype:ip:tcp:tls', 'lengths': [373], 'zero_bytes': 373, 'num_records': 1, 'protocol_types': None}, {'frame': 2079, 'path': 'eth:ethertype:vlan:ethertype:ip:tcp:tls', 'lengths': [268], 'zero_bytes': 268, 'num_records': 1, 'protocol_types': None}, {'frame': 2080, 'path': 'eth:ethertype:vlan:ethertype:ip:tcp:tls', 'lengths': [870], 'zero_bytes': 870, 'num_records': 1, 'protocol_types': None}, {'frame': 2082, 'path': 'eth:ethertype:vlan:ethertype:ip:tcp:tls', 'lengths': [122], 'zero_bytes': 122, 'num_records': 1, 'protocol_types': None}, {'frame': 2084, 'path': 'eth:ethertype:vlan:ethertype:ip:tcp:tls', 'lengths': [142], 'zero_bytes': 142, 'num_records': 1, 'protocol_types': None}, {'frame': 2085, 'path': 'eth:ethertype:vlan:ethertype:ip:tcp:tls', 'lengths': [92], 'zero_bytes': 92, 'num_records': 1, 'protocol_types': None}, {'frame': 2086, 'path': 'eth:ethertype:vlan:ethertype:ip:tcp:tls', 'lengths': [137], 'zero_bytes': 137, 'num_records': 1, 'protocol_types': None}, {'frame': 2089, 'path': 'eth:ethertype:vlan:ethertype:ip:tcp:tls', 'lengths': [275], 'zero_bytes': 275, 'num_records': 1, 'protocol_types': None}, {'frame': 2098, 'path': 'eth:ethertype:vlan:ethertype:ip:tcp:tls', 'lengths': [930], 'zero_bytes': 930, 'num_records': 1, 'protocol_types': None}, {'frame': 2099, 'path': 'eth:ethertype:vlan:ethertype:ip:tcp:tls', 'lengths': [373], 'zero_bytes': 373, 'num_records': 1, 'protocol_types': None}, {'frame': 2100, 'path': 'eth:ethertype:vlan:ethertype:ip:tcp:tls', 'lengths': [268], 'zero_bytes': 268, 'num_records': 1, 'protocol_types': None}, {'frame': 2101, 'path': 'eth:ethertype:vlan:ethertype:ip:tcp:tls', 'lengths': [439], 'zero_bytes': 439, 'num_records': 1, 'protocol_types': None}, {'frame': 2106, 'path': 'eth:ethertype:vlan:ethertype:ip:tcp:tls', 'lengths': [638], 'zero_bytes': 638, 'num_records': 1, 'protocol_types': None}], 'file': 'tls_1_2_single_vlan.pcap', 'maskstage_mode': 'pipeline'}, {'status': 'pass', 'records_before': 1, 'records_after': 1, 'input_tls23_pkts': 1, 'masked_zero_pkts': 1, 'output_tls23_pkts': 1, 'masked_records': 1, 'unmasked_records': 0, 'masked_ok_frames': [10], 'failed_frames': [], 'failed_frame_details': [], 'success_frame_details': [{'frame': 10, 'path': 'eth:ethertype:ip:tcp:tls', 'lengths': [36], 'zero_bytes': 36, 'num_records': 1, 'protocol_types': None}], 'file': 'tls_1_2-2.pcapng', 'maskstage_mode': 'pipeline'}, {'status': 'pass', 'records_before': 10, 'records_after': 10, 'input_tls23_pkts': 10, 'masked_zero_pkts': 10, 'output_tls23_pkts': 10, 'masked_records': 10, 'unmasked_records': 0, 'masked_ok_frames': [6, 8, 9, 10, 12, 21, 23, 25, 26, 28], 'failed_frames': [], 'failed_frame_details': [], 'success_frame_details': [{'frame': 6, 'path': 'eth:ethertype:ip:tcp:tls', 'lengths': [23, 675, 153, 69], 'zero_bytes': 920, 'num_records': 4, 'protocol_types': None}, {'frame': 8, 'path': 'eth:ethertype:ip:tcp:tls', 'lengths': [69], 'zero_bytes': 69, 'num_records': 1, 'protocol_types': None}, {'frame': 9, 'path': 'eth:ethertype:ip:tcp:tls', 'lengths': [274], 'zero_bytes': 274, 'num_records': 1, 'protocol_types': None}, {'frame': 10, 'path': 'eth:ethertype:ip:tcp:tls', 'lengths': [274], 'zero_bytes': 274, 'num_records': 1, 'protocol_types': None}, {'frame': 12, 'path': 'eth:ethertype:ip:tcp:tls', 'lengths': [19], 'zero_bytes': 19, 'num_records': 1, 'protocol_types': None}, {'frame': 21, 'path': 'eth:ethertype:ip:tcp:tls', 'lengths': [73], 'zero_bytes': 73, 'num_records': 1, 'protocol_types': None}, {'frame': 23, 'path': 'eth:ethertype:ip:tcp:tls', 'lengths': [27, 69], 'zero_bytes': 96, 'num_records': 2, 'protocol_types': None}, {'frame': 25, 'path': 'eth:ethertype:ip:tcp:tls', 'lengths': [21, 69], 'zero_bytes': 90, 'num_records': 2, 'protocol_types': None}, {'frame': 26, 'path': 'eth:ethertype:ip:tcp:tls', 'lengths': [274], 'zero_bytes': 274, 'num_records': 1, 'protocol_types': None}, {'frame': 28, 'path': 'eth:ethertype:ip:tcp:tls', 'lengths': [19], 'zero_bytes': 19, 'num_records': 1, 'protocol_types': None}], 'file': 'tls_1_3_0-RTT-2_22_23_mix.pcapng', 'maskstage_mode': 'pipeline'}, {'status': 'pass', 'records_before': 4, 'records_after': 4, 'input_tls23_pkts': 4, 'masked_zero_pkts': 4, 'output_tls23_pkts': 4, 'masked_records': 4, 'unmasked_records': 0, 'masked_ok_frames': [17, 19, 29, 31], 'failed_frames': [], 'failed_frame_details': [], 'success_frame_details': [{'frame': 17, 'path': 'eth:ethertype:ip:tcp:tls', 'lengths': [29], 'zero_bytes': 29, 'num_records': 1, 'protocol_types': None}, {'frame': 19, 'path': 'eth:ethertype:ip:tcp:tls', 'lengths': [107], 'zero_bytes': 107, 'num_records': 1, 'protocol_types': None}, {'frame': 29, 'path': 'eth:ethertype:ip:tcp:tls', 'lengths': [29], 'zero_bytes': 29, 'num_records': 1, 'protocol_types': None}, {'frame': 31, 'path': 'eth:ethertype:ip:tcp:tls', 'lengths': [107], 'zero_bytes': 107, 'num_records': 1, 'protocol_types': None}], 'file': 'tls_1_2_pop_mix.pcapng', 'maskstage_mode': 'pipeline'}]}</failure></testcase><testcase classname="tests.performance.test_enhanced_mask_stage_performance.TestEnhancedMaskStagePerformance" name="test_initialization_performance" time="0.000"><skipped type="pytest.skip" message="性能测试默认跳过，使用 -m performance 运行">/Users/ricky/Downloads/PktMask/tests/conftest.py:207: 性能测试默认跳过，使用 -m performance 运行</skipped></testcase><testcase classname="tests.performance.test_enhanced_mask_stage_performance.TestEnhancedMaskStagePerformance" name="test_enhanced_mode_vs_basic_mode_performance" time="0.001"><skipped type="pytest.skip" message="性能测试默认跳过，使用 -m performance 运行">/Users/ricky/Downloads/PktMask/tests/conftest.py:207: 性能测试默认跳过，使用 -m performance 运行</skipped></testcase><testcase classname="tests.performance.test_enhanced_mask_stage_performance.TestEnhancedMaskStagePerformance" name="test_memory_usage_simulation" time="0.000"><skipped type="pytest.skip" message="性能测试默认跳过，使用 -m performance 运行">/Users/ricky/Downloads/PktMask/tests/conftest.py:207: 性能测试默认跳过，使用 -m performance 运行</skipped></testcase><testcase classname="tests.performance.test_enhanced_mask_stage_performance.TestEnhancedMaskStagePerformance" name="test_concurrent_processing_simulation" time="0.000"><skipped type="pytest.skip" message="性能测试默认跳过，使用 -m performance 运行">/Users/ricky/Downloads/PktMask/tests/conftest.py:207: 性能测试默认跳过，使用 -m performance 运行</skipped></testcase><testcase classname="tests.performance.test_enhanced_mask_stage_performance.TestEnhancedMaskStagePerformance" name="test_large_file_processing_simulation" time="0.000"><skipped type="pytest.skip" message="性能测试默认跳过，使用 -m performance 运行">/Users/ricky/Downloads/PktMask/tests/conftest.py:207: 性能测试默认跳过，使用 -m performance 运行</skipped></testcase><testcase classname="tests.performance.test_enhanced_mask_stage_performance.TestEnhancedMaskStagePerformance" name="test_error_recovery_performance" time="0.000"><skipped type="pytest.skip" message="性能测试默认跳过，使用 -m performance 运行">/Users/ricky/Downloads/PktMask/tests/conftest.py:207: 性能测试默认跳过，使用 -m performance 运行</skipped></testcase><testcase classname="tests.unit.test_config.TestAppConfig" name="test_default_initialization" time="0.002" /><testcase classname="tests.unit.test_config.TestAppConfig" name="test_config_attributes" time="0.001" /><testcase classname="tests.unit.test_config.TestAppConfig" name="test_config_can_be_modified" time="0.000" /><testcase classname="tests.unit.test_config.TestAppConfig" name="test_config_validation" time="0.001" /><testcase classname="tests.unit.test_config.TestUISettings" name="test_ui_defaults" time="0.000" /><testcase classname="tests.unit.test_config.TestUISettings" name="test_ui_modifications" time="0.000" /><testcase classname="tests.unit.test_config.TestProcessingSettings" name="test_processing_defaults" time="0.001" /><testcase classname="tests.unit.test_config.TestProcessingSettings" name="test_processing_modifications" time="0.002" /></testsuite></testsuites>