<?xml version="1.0" encoding="utf-8"?><testsuites name="pytest tests"><testsuite name="pytest" errors="1" failures="0" skipped="0" tests="1" time="7.172" timestamp="2025-06-09T21:15:34.916315+08:00" hostname="rickys-iMac"><testcase classname="" name="tests.test_config_system" time="0.000"><error message="collection failure">ImportError while importing test module '/Users/ricky/Downloads/PktMask/tests/test_config_system.py'.
Hint: make sure your test modules/packages have valid Python names.
Traceback:
/Library/Developer/CommandLineTools/Library/Frameworks/Python3.framework/Versions/3.9/lib/python3.9/importlib/__init__.py:127: in import_module
    return _bootstrap._gcd_import(name[level:], package, level)
tests/test_config_system.py:19: in &lt;module&gt;
    from pktmask.config.app_config import AppConfig
E   ModuleNotFoundError: No module named 'pktmask.config.app_config'</error></testcase></testsuite></testsuites>