<?xml version="1.0" encoding="utf-8"?><testsuites name="pytest tests"><testsuite name="pytest" errors="0" failures="0" skipped="11" tests="13" time="0.523" timestamp="2025-06-10T14:59:36.900263+08:00" hostname="Rickys-MacBook-Air.local"><testcase classname="tests.test_integration_phase_7.TestPluginSystemIntegration" name="test_plugin_registry_integration" time="0.001"><skipped type="pytest.skip" message="插件系统模块不可用">/Users/ricky/Downloads/PktMask/tests/test_integration_phase_7.py:54: 插件系统模块不可用</skipped></testcase><testcase classname="tests.test_integration_phase_7.TestPluginSystemIntegration" name="test_plugin_discovery_integration" time="0.000"><skipped type="pytest.skip" message="插件发现模块不可用">/Users/ricky/Downloads/PktMask/tests/test_integration_phase_7.py:81: 插件发现模块不可用</skipped></testcase><testcase classname="tests.test_integration_phase_7.TestPluginSystemIntegration" name="test_dynamic_plugin_loading_integration" time="0.000"><skipped type="pytest.skip" message="动态加载模块不可用">/Users/ricky/Downloads/PktMask/tests/test_integration_phase_7.py:104: 动态加载模块不可用</skipped></testcase><testcase classname="tests.test_integration_phase_7.TestConfigurationIntegration" name="test_config_algorithm_integration" time="0.012"><skipped type="pytest.skip" message="配置系统模块不可用">/Users/ricky/Downloads/PktMask/tests/test_integration_phase_7.py:149: 配置系统模块不可用</skipped></testcase><testcase classname="tests.test_integration_phase_7.TestConfigurationIntegration" name="test_config_hot_reload_integration" time="0.000"><skipped type="pytest.skip" message="配置热重载模块不可用">/Users/ricky/Downloads/PktMask/tests/test_integration_phase_7.py:181: 配置热重载模块不可用</skipped></testcase><testcase classname="tests.test_integration_phase_7.TestDataFlowIntegration" name="test_statistics_data_integration" time="0.081" /><testcase classname="tests.test_integration_phase_7.TestDataFlowIntegration" name="test_pipeline_event_integration" time="0.001"><skipped type="pytest.skip" message="管道事件集成测试跳过: 2 validation errors for PipelineEventData&#10;event_type&#10;  Input should be 1, 2, 3, 4, 5, 6, 7, 8, 9, 10, 11, 12, 13, 14, 15, 16, 17, 18 or 19 [type=enum, input_value='step_start', input_type=str]&#10;    For further information visit https://errors.pydantic.dev/2.11/v/enum&#10;data&#10;  Field required [type=missing, input_value={'event_type': 'step_star...ssing IP anonymization'}, input_type=dict]&#10;    For further information visit https://errors.pydantic.dev/2.11/v/missing">/Users/ricky/Downloads/PktMask/tests/test_integration_phase_7.py:253: 管道事件集成测试跳过: 2 validation errors for PipelineEventData
event_type
  Input should be 1, 2, 3, 4, 5, 6, 7, 8, 9, 10, 11, 12, 13, 14, 15, 16, 17, 18 or 19 [type=enum, input_value='step_start', input_type=str]
    For further information visit https://errors.pydantic.dev/2.11/v/enum
data
  Field required [type=missing, input_value={'event_type': 'step_star...ssing IP anonymization'}, input_type=dict]
    For further information visit https://errors.pydantic.dev/2.11/v/missing</skipped></testcase><testcase classname="tests.test_integration_phase_7.TestErrorHandlingIntegration" name="test_algorithm_error_handling" time="0.000"><skipped type="pytest.skip" message="算法注册表不可用">/Users/ricky/Downloads/PktMask/tests/test_integration_phase_7.py:275: 算法注册表不可用</skipped></testcase><testcase classname="tests.test_integration_phase_7.TestErrorHandlingIntegration" name="test_config_validation_integration" time="0.000"><skipped type="pytest.skip" message="配置验证模块不可用">/Users/ricky/Downloads/PktMask/tests/test_integration_phase_7.py:303: 配置验证模块不可用</skipped></testcase><testcase classname="tests.test_integration_phase_7.TestPerformanceIntegration" name="test_algorithm_performance_integration" time="0.000"><skipped type="pytest.skip" message="算法性能测试模块不可用">/Users/ricky/Downloads/PktMask/tests/test_integration_phase_7.py:338: 算法性能测试模块不可用</skipped></testcase><testcase classname="tests.test_integration_phase_7.TestPerformanceIntegration" name="test_config_loading_performance" time="0.000"><skipped type="pytest.skip" message="配置性能测试模块不可用">/Users/ricky/Downloads/PktMask/tests/test_integration_phase_7.py:375: 配置性能测试模块不可用</skipped></testcase><testcase classname="tests.test_integration_phase_7.TestSystemStabilityIntegration" name="test_memory_usage_stability" time="0.012" /><testcase classname="tests.test_integration_phase_7.TestSystemStabilityIntegration" name="test_concurrent_operations_stability" time="0.000"><skipped type="pytest.skip" message="并发稳定性测试模块不可用">/Users/ricky/Downloads/PktMask/tests/test_integration_phase_7.py:451: 并发稳定性测试模块不可用</skipped></testcase></testsuite></testsuites>